Analysis & Synthesis report for BreadMaker
Sun May 21 14:42:52 2023
Quartus Prime Version 20.1.1 Build 720 11/11/2020 SJ Lite Edition


---------------------
; Table of Contents ;
---------------------
  1. Legal Notice
  2. Analysis & Synthesis Summary
  3. Analysis & Synthesis Settings
  4. Parallel Compilation
  5. Analysis & Synthesis Messages



----------------
; Legal Notice ;
----------------
Copyright (C) 2020  Intel Corporation. All rights reserved.
Your use of Intel Corporation's design tools, logic functions 
and other software and tools, and any partner logic 
functions, and any output files from any of the foregoing 
(including device programming or simulation files), and any 
associated documentation or information are expressly subject 
to the terms and conditions of the Intel Program License 
Subscription Agreement, the Intel Quartus Prime License Agreement,
the Intel FPGA IP License Agreement, or other applicable license
agreement, including, without limitation, that your use is for
the sole purpose of programming logic devices manufactured by
Intel and sold by Intel or its authorized distributors.  Please
refer to the applicable agreement for further details, at
https://fpgasoftware.intel.com/eula.



+----------------------------------------------------------------------------------+
; Analysis & Synthesis Summary                                                     ;
+------------------------------------+---------------------------------------------+
; Analysis & Synthesis Status        ; Failed - Sun May 21 14:42:52 2023           ;
; Quartus Prime Version              ; 20.1.1 Build 720 11/11/2020 SJ Lite Edition ;
; Revision Name                      ; BreadMaker                                  ;
; Top-level Entity Name              ; Mux2_1                                      ;
; Family                             ; Cyclone IV E                                ;
; Total logic elements               ; N/A until Partition Merge                   ;
;     Total combinational functions  ; N/A until Partition Merge                   ;
;     Dedicated logic registers      ; N/A until Partition Merge                   ;
; Total registers                    ; N/A until Partition Merge                   ;
; Total pins                         ; N/A until Partition Merge                   ;
; Total virtual pins                 ; N/A until Partition Merge                   ;
; Total memory bits                  ; N/A until Partition Merge                   ;
; Embedded Multiplier 9-bit elements ; N/A until Partition Merge                   ;
; Total PLLs                         ; N/A until Partition Merge                   ;
+------------------------------------+---------------------------------------------+


+------------------------------------------------------------------------------------------------------------+
; Analysis & Synthesis Settings                                                                              ;
+------------------------------------------------------------------+--------------------+--------------------+
; Option                                                           ; Setting            ; Default Value      ;
+------------------------------------------------------------------+--------------------+--------------------+
; Device                                                           ; EP4CE115F29C7      ;                    ;
; Top-level entity name                                            ; Mux2_1             ; BreadMaker         ;
; Family name                                                      ; Cyclone IV E       ; Cyclone V          ;
; Use smart compilation                                            ; Off                ; Off                ;
; Enable parallel Assembler and Timing Analyzer during compilation ; On                 ; On                 ;
; Enable compact report table                                      ; Off                ; Off                ;
; Restructure Multiplexers                                         ; Auto               ; Auto               ;
; Create Debugging Nodes for IP Cores                              ; Off                ; Off                ;
; Preserve fewer node names                                        ; On                 ; On                 ;
; Intel FPGA IP Evaluation Mode                                    ; Enable             ; Enable             ;
; Verilog Version                                                  ; Verilog_2001       ; Verilog_2001       ;
; VHDL Version                                                     ; VHDL_1993          ; VHDL_1993          ;
; State Machine Processing                                         ; Auto               ; Auto               ;
; Safe State Machine                                               ; Off                ; Off                ;
; Extract Verilog State Machines                                   ; On                 ; On                 ;
; Extract VHDL State Machines                                      ; On                 ; On                 ;
; Ignore Verilog initial constructs                                ; Off                ; Off                ;
; Iteration limit for constant Verilog loops                       ; 5000               ; 5000               ;
; Iteration limit for non-constant Verilog loops                   ; 250                ; 250                ;
; Add Pass-Through Logic to Inferred RAMs                          ; On                 ; On                 ;
; Infer RAMs from Raw Logic                                        ; On                 ; On                 ;
; Parallel Synthesis                                               ; On                 ; On                 ;
; DSP Block Balancing                                              ; Auto               ; Auto               ;
; NOT Gate Push-Back                                               ; On                 ; On                 ;
; Power-Up Don't Care                                              ; On                 ; On                 ;
; Remove Redundant Logic Cells                                     ; Off                ; Off                ;
; Remove Duplicate Registers                                       ; On                 ; On                 ;
; Ignore CARRY Buffers                                             ; Off                ; Off                ;
; Ignore CASCADE Buffers                                           ; Off                ; Off                ;
; Ignore GLOBAL Buffers                                            ; Off                ; Off                ;
; Ignore ROW GLOBAL Buffers                                        ; Off                ; Off                ;
; Ignore LCELL Buffers                                             ; Off                ; Off                ;
; Ignore SOFT Buffers                                              ; On                 ; On                 ;
; Limit AHDL Integers to 32 Bits                                   ; Off                ; Off                ;
; Optimization Technique                                           ; Balanced           ; Balanced           ;
; Carry Chain Length                                               ; 70                 ; 70                 ;
; Auto Carry Chains                                                ; On                 ; On                 ;
; Auto Open-Drain Pins                                             ; On                 ; On                 ;
; Perform WYSIWYG Primitive Resynthesis                            ; Off                ; Off                ;
; Auto ROM Replacement                                             ; On                 ; On                 ;
; Auto RAM Replacement                                             ; On                 ; On                 ;
; Auto DSP Block Replacement                                       ; On                 ; On                 ;
; Auto Shift Register Replacement                                  ; Auto               ; Auto               ;
; Allow Shift Register Merging across Hierarchies                  ; Auto               ; Auto               ;
; Auto Clock Enable Replacement                                    ; On                 ; On                 ;
; Strict RAM Replacement                                           ; Off                ; Off                ;
; Allow Synchronous Control Signals                                ; On                 ; On                 ;
; Force Use of Synchronous Clear Signals                           ; Off                ; Off                ;
; Auto RAM Block Balancing                                         ; On                 ; On                 ;
; Auto RAM to Logic Cell Conversion                                ; Off                ; Off                ;
; Auto Resource Sharing                                            ; Off                ; Off                ;
; Allow Any RAM Size For Recognition                               ; Off                ; Off                ;
; Allow Any ROM Size For Recognition                               ; Off                ; Off                ;
; Allow Any Shift Register Size For Recognition                    ; Off                ; Off                ;
; Use LogicLock Constraints during Resource Balancing              ; On                 ; On                 ;
; Ignore translate_off and synthesis_off directives                ; Off                ; Off                ;
; Timing-Driven Synthesis                                          ; On                 ; On                 ;
; Report Parameter Settings                                        ; On                 ; On                 ;
; Report Source Assignments                                        ; On                 ; On                 ;
; Report Connectivity Checks                                       ; On                 ; On                 ;
; Ignore Maximum Fan-Out Assignments                               ; Off                ; Off                ;
; Synchronization Register Chain Length                            ; 2                  ; 2                  ;
; Power Optimization During Synthesis                              ; Normal compilation ; Normal compilation ;
; HDL message level                                                ; Level2             ; Level2             ;
; Suppress Register Optimization Related Messages                  ; Off                ; Off                ;
; Number of Removed Registers Reported in Synthesis Report         ; 5000               ; 5000               ;
; Number of Swept Nodes Reported in Synthesis Report               ; 5000               ; 5000               ;
; Number of Inverted Registers Reported in Synthesis Report        ; 100                ; 100                ;
; Clock MUX Protection                                             ; On                 ; On                 ;
; Auto Gated Clock Conversion                                      ; Off                ; Off                ;
; Block Design Naming                                              ; Auto               ; Auto               ;
; SDC constraint protection                                        ; Off                ; Off                ;
; Synthesis Effort                                                 ; Auto               ; Auto               ;
; Shift Register Replacement - Allow Asynchronous Clear Signal     ; On                 ; On                 ;
; Pre-Mapping Resynthesis Optimization                             ; Off                ; Off                ;
; Analysis & Synthesis Message Level                               ; Medium             ; Medium             ;
; Disable Register Merging Across Hierarchies                      ; Auto               ; Auto               ;
; Resource Aware Inference For Block RAM                           ; On                 ; On                 ;
+------------------------------------------------------------------+--------------------+--------------------+


+------------------------------------------+
; Parallel Compilation                     ;
+----------------------------+-------------+
; Processors                 ; Number      ;
+----------------------------+-------------+
; Number detected on machine ; 12          ;
; Maximum allowed            ; 12          ;
;                            ;             ;
; Average used               ; 1.00        ;
; Maximum used               ; 1           ;
;                            ;             ;
; Usage by Processor         ; % Time Used ;
;     Processor 1            ; 100.0%      ;
+----------------------------+-------------+


+-------------------------------+
; Analysis & Synthesis Messages ;
+-------------------------------+
Info: *******************************************************************
Info: Running Quartus Prime Analysis & Synthesis
    Info: Version 20.1.1 Build 720 11/11/2020 SJ Lite Edition
    Info: Processing started: Sun May 21 14:42:45 2023
Info: Command: quartus_map --read_settings_files=on --write_settings_files=off BreadMaker -c BreadMaker
Warning (18236): Number of processors has not been specified which may cause overloading on shared machines.  Set the global assignment NUM_PARALLEL_PROCESSORS in your QSF to an appropriate value for best performance.
Info (20030): Parallel compilation is enabled and will use 12 of the 12 processors detected
Info (12021): Found 2 design units, including 1 entities, in source file logic_blocks/rom_kxn_1p_v2.vhd
    Info (12022): Found design unit 1: ROM_KxN_1P-Behaviour File: D:/Universidade_LECI/Ano1_Sem2/Lab_Sistemas_Digitais/Meus_Exercicios/LSD_Project/#Quartus_Prime_Project/Fase 2/Logic_Blocks/ROM_KxN_1P_V2.vhd Line: 17
    Info (12023): Found entity 1: ROM_KxN_1P File: D:/Universidade_LECI/Ano1_Sem2/Lab_Sistemas_Digitais/Meus_Exercicios/LSD_Project/#Quartus_Prime_Project/Fase 2/Logic_Blocks/ROM_KxN_1P_V2.vhd Line: 7
Info (12021): Found 2 design units, including 1 entities, in source file logic_blocks/mux2_1.vhd
    Info (12022): Found design unit 1: Mux2_1-BehavAssign File: D:/Universidade_LECI/Ano1_Sem2/Lab_Sistemas_Digitais/Meus_Exercicios/LSD_Project/#Quartus_Prime_Project/Fase 2/Logic_Blocks/Mux2_1.vhd Line: 12
    Info (12023): Found entity 1: Mux2_1 File: D:/Universidade_LECI/Ano1_Sem2/Lab_Sistemas_Digitais/Meus_Exercicios/LSD_Project/#Quartus_Prime_Project/Fase 2/Logic_Blocks/Mux2_1.vhd Line: 4
Info (12021): Found 2 design units, including 1 entities, in source file logic_blocks/bintobcd.vhd
    Info (12022): Found design unit 1: BinToBCD-Behavioral File: D:/Universidade_LECI/Ano1_Sem2/Lab_Sistemas_Digitais/Meus_Exercicios/LSD_Project/#Quartus_Prime_Project/Fase 2/Logic_Blocks/BinToBCD.vhd Line: 13
    Info (12023): Found entity 1: BinToBCD File: D:/Universidade_LECI/Ano1_Sem2/Lab_Sistemas_Digitais/Meus_Exercicios/LSD_Project/#Quartus_Prime_Project/Fase 2/Logic_Blocks/BinToBCD.vhd Line: 5
Info (12021): Found 2 design units, including 1 entities, in source file logic_blocks/bin7segdecoder.vhd
    Info (12022): Found design unit 1: Bin7SegDecoder-Behavioral File: D:/Universidade_LECI/Ano1_Sem2/Lab_Sistemas_Digitais/Meus_Exercicios/LSD_Project/#Quartus_Prime_Project/Fase 2/Logic_Blocks/Bin7SegDecoder.vhd Line: 12
    Info (12023): Found entity 1: Bin7SegDecoder File: D:/Universidade_LECI/Ano1_Sem2/Lab_Sistemas_Digitais/Meus_Exercicios/LSD_Project/#Quartus_Prime_Project/Fase 2/Logic_Blocks/Bin7SegDecoder.vhd Line: 4
Info (12021): Found 2 design units, including 1 entities, in source file logic_blocks/timern.vhd
    Info (12022): Found design unit 1: TimerN-Behavioral File: D:/Universidade_LECI/Ano1_Sem2/Lab_Sistemas_Digitais/Meus_Exercicios/LSD_Project/#Quartus_Prime_Project/Fase 2/Logic_Blocks/TimerN.vhd Line: 15
    Info (12023): Found entity 1: TimerN File: D:/Universidade_LECI/Ano1_Sem2/Lab_Sistemas_Digitais/Meus_Exercicios/LSD_Project/#Quartus_Prime_Project/Fase 2/Logic_Blocks/TimerN.vhd Line: 4
Info (12021): Found 2 design units, including 1 entities, in source file logic_blocks/timeextra.vhd
    Info (12022): Found design unit 1: TimeExtra-Structural File: D:/Universidade_LECI/Ano1_Sem2/Lab_Sistemas_Digitais/Meus_Exercicios/LSD_Project/#Quartus_Prime_Project/Fase 2/Logic_Blocks/TimeExtra.vhd Line: 14
    Info (12023): Found entity 1: TimeExtra File: D:/Universidade_LECI/Ano1_Sem2/Lab_Sistemas_Digitais/Meus_Exercicios/LSD_Project/#Quartus_Prime_Project/Fase 2/Logic_Blocks/TimeExtra.vhd Line: 4
Info (12021): Found 2 design units, including 1 entities, in source file logic_blocks/counter.vhd
    Info (12022): Found design unit 1: Counter-Behavioral File: D:/Universidade_LECI/Ano1_Sem2/Lab_Sistemas_Digitais/Meus_Exercicios/LSD_Project/#Quartus_Prime_Project/Fase 2/Logic_Blocks/Counter.vhd Line: 17
    Info (12023): Found entity 1: Counter File: D:/Universidade_LECI/Ano1_Sem2/Lab_Sistemas_Digitais/Meus_Exercicios/LSD_Project/#Quartus_Prime_Project/Fase 2/Logic_Blocks/Counter.vhd Line: 5
Info (12021): Found 2 design units, including 1 entities, in source file logic_blocks/pulsegenn.vhd
    Info (12022): Found design unit 1: PulseGenN-Behavioral File: D:/Universidade_LECI/Ano1_Sem2/Lab_Sistemas_Digitais/Meus_Exercicios/LSD_Project/#Quartus_Prime_Project/Fase 2/Logic_Blocks/PulseGenN.vhd Line: 12
    Info (12023): Found entity 1: PulseGenN File: D:/Universidade_LECI/Ano1_Sem2/Lab_Sistemas_Digitais/Meus_Exercicios/LSD_Project/#Quartus_Prime_Project/Fase 2/Logic_Blocks/PulseGenN.vhd Line: 5
Info (12021): Found 2 design units, including 1 entities, in source file logic_blocks/timerauxfsm.vhd
    Info (12022): Found design unit 1: TimerAuxFSM-Behavioral File: D:/Universidade_LECI/Ano1_Sem2/Lab_Sistemas_Digitais/Meus_Exercicios/LSD_Project/#Quartus_Prime_Project/Fase 2/Logic_Blocks/TimerAuxFSM.vhd Line: 18
    Info (12023): Found entity 1: TimerAuxFSM File: D:/Universidade_LECI/Ano1_Sem2/Lab_Sistemas_Digitais/Meus_Exercicios/LSD_Project/#Quartus_Prime_Project/Fase 2/Logic_Blocks/TimerAuxFSM.vhd Line: 5
Info (12021): Found 2 design units, including 1 entities, in source file logic_blocks/debouncer.vhd
    Info (12022): Found design unit 1: Debouncer-Behavioral File: D:/Universidade_LECI/Ano1_Sem2/Lab_Sistemas_Digitais/Meus_Exercicios/LSD_Project/#Quartus_Prime_Project/Fase 2/Logic_Blocks/Debouncer.vhd Line: 15
    Info (12023): Found entity 1: Debouncer File: D:/Universidade_LECI/Ano1_Sem2/Lab_Sistemas_Digitais/Meus_Exercicios/LSD_Project/#Quartus_Prime_Project/Fase 2/Logic_Blocks/Debouncer.vhd Line: 5
Info (12021): Found 2 design units, including 1 entities, in source file logic_blocks/controlsystemunit.vhd
    Info (12022): Found design unit 1: ControlSystemUnit-BEHAVIOR File: D:/Universidade_LECI/Ano1_Sem2/Lab_Sistemas_Digitais/Meus_Exercicios/LSD_Project/#Quartus_Prime_Project/Fase 2/Logic_Blocks/ControlSystemUnit.vhd Line: 40
    Info (12023): Found entity 1: ControlSystemUnit File: D:/Universidade_LECI/Ano1_Sem2/Lab_Sistemas_Digitais/Meus_Exercicios/LSD_Project/#Quartus_Prime_Project/Fase 2/Logic_Blocks/ControlSystemUnit.vhd Line: 22
Info (12021): Found 2 design units, including 1 entities, in source file logic_blocks/flipflopd.vhd
    Info (12022): Found design unit 1: FlipFlopD-Behavioral File: D:/Universidade_LECI/Ano1_Sem2/Lab_Sistemas_Digitais/Meus_Exercicios/LSD_Project/#Quartus_Prime_Project/Fase 2/Logic_Blocks/FlipFlopD.vhd Line: 12
    Info (12023): Found entity 1: FlipFlopD File: D:/Universidade_LECI/Ano1_Sem2/Lab_Sistemas_Digitais/Meus_Exercicios/LSD_Project/#Quartus_Prime_Project/Fase 2/Logic_Blocks/FlipFlopD.vhd Line: 4
Info (12021): Found 2 design units, including 1 entities, in source file logic_blocks/breadbakerfsm.vhd
    Info (12022): Found design unit 1: BreadBakerFSM-Behavioral File: D:/Universidade_LECI/Ano1_Sem2/Lab_Sistemas_Digitais/Meus_Exercicios/LSD_Project/#Quartus_Prime_Project/Fase 2/Logic_Blocks/BreadBakerFSM.vhd Line: 28
    Info (12023): Found entity 1: BreadBakerFSM File: D:/Universidade_LECI/Ano1_Sem2/Lab_Sistemas_Digitais/Meus_Exercicios/LSD_Project/#Quartus_Prime_Project/Fase 2/Logic_Blocks/BreadBakerFSM.vhd Line: 5
Error (10430): VHDL Primary Unit Declaration error at ROM_KxN_1P_V1.vhd(7): primary unit "ROM_KxN_1P" already exists in library "work". Compile the two primary units into different libraries or assign them unique names. The Intel FPGA Knowledge Database contains many articles with specific details on how to resolve this error. Visit the Knowledge Database at https://www.altera.com/support/support-resources/knowledge-base/search.html and search for this specific error message number. File: D:/Universidade_LECI/Ano1_Sem2/Lab_Sistemas_Digitais/Meus_Exercicios/LSD_Project/#Quartus_Prime_Project/Fase 2/Logic_Blocks/ROM_KxN_1P_V1.vhd Line: 7
Error (10784): HDL error at ROM_KxN_1P_V2.vhd(7): see declaration for object "ROM_KxN_1P" File: D:/Universidade_LECI/Ano1_Sem2/Lab_Sistemas_Digitais/Meus_Exercicios/LSD_Project/#Quartus_Prime_Project/Fase 2/Logic_Blocks/ROM_KxN_1P_V2.vhd Line: 7
Info (12021): Found 0 design units, including 0 entities, in source file logic_blocks/rom_kxn_1p_v1.vhd
Info (12021): Found 2 design units, including 1 entities, in source file logic_blocks/clkdividern.vhd
    Info (12022): Found design unit 1: ClkDividerN-RTL File: D:/Universidade_LECI/Ano1_Sem2/Lab_Sistemas_Digitais/Meus_Exercicios/LSD_Project/#Quartus_Prime_Project/Fase 2/Logic_Blocks/ClkDividerN.vhd Line: 11
    Info (12023): Found entity 1: ClkDividerN File: D:/Universidade_LECI/Ano1_Sem2/Lab_Sistemas_Digitais/Meus_Exercicios/LSD_Project/#Quartus_Prime_Project/Fase 2/Logic_Blocks/ClkDividerN.vhd Line: 5
Info (12021): Found 1 design units, including 1 entities, in source file breadmaker.bdf
    Info (12023): Found entity 1: BreadMaker
Error: Quartus Prime Analysis & Synthesis was unsuccessful. 2 errors, 1 warning
    Error: Peak virtual memory: 4781 megabytes
    Error: Processing ended: Sun May 21 14:42:52 2023
    Error: Elapsed time: 00:00:07
    Error: Total CPU time (on all processors): 00:00:09


