This is pdfTeX, Version 3.141592653-2.6-1.40.25 (TeX Live 2023) (preloaded format=pdflatex 2023.5.27)  28 MAY 2023 23:29
entering extended mode
 restricted \write18 enabled.
 %&-line parsing enabled.
**documento.tex
(./documento.tex
LaTeX2e <2022-11-01> patch level 1
L3 programming layer <2023-02-22>
(c:/texlive/2023/texmf-dist/tex/latex/base/report.cls
Document Class: report 2022/07/02 v1.4n Standard LaTeX document class
(c:/texlive/2023/texmf-dist/tex/latex/base/size10.clo
File: size10.clo 2022/07/02 v1.4n Standard LaTeX file (size option)
)
\c@part=\count185
\c@chapter=\count186
\c@section=\count187
\c@subsection=\count188
\c@subsubsection=\count189
\c@paragraph=\count190
\c@subparagraph=\count191
\c@figure=\count192
\c@table=\count193
\abovecaptionskip=\skip48
\belowcaptionskip=\skip49
\bibindent=\dimen140
)
(c:/texlive/2023/texmf-dist/tex/latex/base/fontenc.sty
Package: fontenc 2021/04/29 v2.0v Standard LaTeX package
)
(c:/texlive/2023/texmf-dist/tex/latex/base/inputenc.sty
Package: inputenc 2021/02/14 v1.3d Input encoding file
\inpenc@prehook=\toks16
\inpenc@posthook=\toks17
)
(c:/texlive/2023/texmf-dist/tex/latex/biblatex/biblatex.sty
Package: biblatex 2023/03/05 v3.19 programmable bibliographies (PK/MW)

(c:/texlive/2023/texmf-dist/tex/generic/pdftexcmds/pdftexcmds.sty
Package: pdftexcmds 2020-06-27 v0.33 Utility functions of pdfTeX for LuaTeX (HO
)

(c:/texlive/2023/texmf-dist/tex/generic/infwarerr/infwarerr.sty
Package: infwarerr 2019/12/03 v1.5 Providing info/warning/error messages (HO)
)
(c:/texlive/2023/texmf-dist/tex/generic/iftex/iftex.sty
Package: iftex 2022/02/03 v1.0f TeX engine tests
)
(c:/texlive/2023/texmf-dist/tex/generic/ltxcmds/ltxcmds.sty
Package: ltxcmds 2020-05-10 v1.25 LaTeX kernel commands for general use (HO)
)
Package pdftexcmds Info: \pdf@primitive is available.
Package pdftexcmds Info: \pdf@ifprimitive is available.
Package pdftexcmds Info: \pdfdraftmode found.
)
(c:/texlive/2023/texmf-dist/tex/latex/etoolbox/etoolbox.sty
Package: etoolbox 2020/10/05 v2.5k e-TeX tools for LaTeX (JAW)
\etb@tempcnta=\count194
)
(c:/texlive/2023/texmf-dist/tex/latex/graphics/keyval.sty
Package: keyval 2022/05/29 v1.15 key=value parser (DPC)
\KV@toks@=\toks18
)
(c:/texlive/2023/texmf-dist/tex/latex/kvoptions/kvoptions.sty
Package: kvoptions 2022-06-15 v3.15 Key value format for package options (HO)

(c:/texlive/2023/texmf-dist/tex/latex/kvsetkeys/kvsetkeys.sty
Package: kvsetkeys 2022-10-05 v1.19 Key value parser (HO)
))
(c:/texlive/2023/texmf-dist/tex/latex/logreq/logreq.sty
Package: logreq 2010/08/04 v1.0 xml request logger
\lrq@indent=\count195

(c:/texlive/2023/texmf-dist/tex/latex/logreq/logreq.def
File: logreq.def 2010/08/04 v1.0 logreq spec v1.0
))
(c:/texlive/2023/texmf-dist/tex/latex/base/ifthen.sty
Package: ifthen 2022/04/13 v1.1d Standard LaTeX ifthen package (DPC)
)
(c:/texlive/2023/texmf-dist/tex/latex/url/url.sty
\Urlmuskip=\muskip16
Package: url 2013/09/16  ver 3.4  Verb mode for urls, etc.
)
\c@tabx@nest=\count196
\c@listtotal=\count197
\c@listcount=\count198
\c@liststart=\count199
\c@liststop=\count266
\c@citecount=\count267
\c@citetotal=\count268
\c@multicitecount=\count269
\c@multicitetotal=\count270
\c@instcount=\count271
\c@maxnames=\count272
\c@minnames=\count273
\c@maxitems=\count274
\c@minitems=\count275
\c@citecounter=\count276
\c@maxcitecounter=\count277
\c@savedcitecounter=\count278
\c@uniquelist=\count279
\c@uniquename=\count280
\c@refsection=\count281
\c@refsegment=\count282
\c@maxextratitle=\count283
\c@maxextratitleyear=\count284
\c@maxextraname=\count285
\c@maxextradate=\count286
\c@maxextraalpha=\count287
\c@abbrvpenalty=\count288
\c@highnamepenalty=\count289
\c@lownamepenalty=\count290
\c@maxparens=\count291
\c@parenlevel=\count292
\blx@tempcnta=\count293
\blx@tempcntb=\count294
\blx@tempcntc=\count295
\c@blx@maxsection=\count296
\blx@maxsegment@0=\count297
\blx@notetype=\count298
\blx@parenlevel@text=\count299
\blx@parenlevel@foot=\count300
\blx@sectionciteorder@0=\count301
\blx@sectionciteorderinternal@0=\count302
\blx@entrysetcounter=\count303
\blx@biblioinstance=\count304
\labelnumberwidth=\skip50
\labelalphawidth=\skip51
\biblabelsep=\skip52
\bibitemsep=\skip53
\bibnamesep=\skip54
\bibinitsep=\skip55
\bibparsep=\skip56
\bibhang=\skip57
\blx@bcfin=\read2
\blx@bcfout=\write3
\blx@langwohyphens=\language87
\c@mincomprange=\count305
\c@maxcomprange=\count306
\c@mincompwidth=\count307
Package biblatex Info: Trying to load biblatex default data model...
Package biblatex Info: ... file 'blx-dm.def' found.

(c:/texlive/2023/texmf-dist/tex/latex/biblatex/blx-dm.def
File: blx-dm.def 2023/03/05 v3.19 biblatex localization (PK/MW)
)
Package biblatex Info: Trying to load biblatex style data model...
Package biblatex Info: ... file 'ieee.dbx' not found.
Package biblatex Info: Trying to load biblatex custom data model...
Package biblatex Info: ... file 'biblatex-dm.cfg' not found.
\c@afterword=\count308
\c@savedafterword=\count309
\c@annotator=\count310
\c@savedannotator=\count311
\c@author=\count312
\c@savedauthor=\count313
\c@bookauthor=\count314
\c@savedbookauthor=\count315
\c@commentator=\count316
\c@savedcommentator=\count317
\c@editor=\count318
\c@savededitor=\count319
\c@editora=\count320
\c@savededitora=\count321
\c@editorb=\count322
\c@savededitorb=\count323
\c@editorc=\count324
\c@savededitorc=\count325
\c@foreword=\count326
\c@savedforeword=\count327
\c@holder=\count328
\c@savedholder=\count329
\c@introduction=\count330
\c@savedintroduction=\count331
\c@namea=\count332
\c@savednamea=\count333
\c@nameb=\count334
\c@savednameb=\count335
\c@namec=\count336
\c@savednamec=\count337
\c@translator=\count338
\c@savedtranslator=\count339
\c@shortauthor=\count340
\c@savedshortauthor=\count341
\c@shorteditor=\count342
\c@savedshorteditor=\count343
\c@labelname=\count344
\c@savedlabelname=\count345
\c@institution=\count346
\c@savedinstitution=\count347
\c@lista=\count348
\c@savedlista=\count349
\c@listb=\count350
\c@savedlistb=\count351
\c@listc=\count352
\c@savedlistc=\count353
\c@listd=\count354
\c@savedlistd=\count355
\c@liste=\count356
\c@savedliste=\count357
\c@listf=\count358
\c@savedlistf=\count359
\c@location=\count360
\c@savedlocation=\count361
\c@organization=\count362
\c@savedorganization=\count363
\c@origlocation=\count364
\c@savedoriglocation=\count365
\c@origpublisher=\count366
\c@savedorigpublisher=\count367
\c@publisher=\count368
\c@savedpublisher=\count369
\c@language=\count370
\c@savedlanguage=\count371
\c@origlanguage=\count372
\c@savedoriglanguage=\count373
\c@pageref=\count374
\c@savedpageref=\count375
\shorthandwidth=\skip58
\shortjournalwidth=\skip59
\shortserieswidth=\skip60
\shorttitlewidth=\skip61
\shortauthorwidth=\skip62
\shorteditorwidth=\skip63
\locallabelnumberwidth=\skip64
\locallabelalphawidth=\skip65
\localshorthandwidth=\skip66
\localshortjournalwidth=\skip67
\localshortserieswidth=\skip68
\localshorttitlewidth=\skip69
\localshortauthorwidth=\skip70
\localshorteditorwidth=\skip71
Package biblatex Info: Trying to load compatibility code...
Package biblatex Info: ... file 'blx-compat.def' found.

(c:/texlive/2023/texmf-dist/tex/latex/biblatex/blx-compat.def
File: blx-compat.def 2023/03/05 v3.19 biblatex compatibility (PK/MW)
)
Package biblatex Info: Trying to load generic definitions...
Package biblatex Info: ... file 'biblatex.def' found.

(c:/texlive/2023/texmf-dist/tex/latex/biblatex/biblatex.def
File: biblatex.def 2023/03/05 v3.19 biblatex compatibility (PK/MW)
\c@textcitecount=\count376
\c@textcitetotal=\count377
\c@textcitemaxnames=\count378
\c@biburlbigbreakpenalty=\count379
\c@biburlbreakpenalty=\count380
\c@biburlnumpenalty=\count381
\c@biburlucpenalty=\count382
\c@biburllcpenalty=\count383
\biburlbigskip=\muskip17
\biburlnumskip=\muskip18
\biburlucskip=\muskip19
\biburllcskip=\muskip20
\c@smartand=\count384
)
Package biblatex Info: Trying to load bibliography style 'ieee'...
Package biblatex Info: ... file 'ieee.bbx' found.

(c:/texlive/2023/texmf-dist/tex/latex/biblatex-ieee/ieee.bbx
File: ieee.bbx 2021/12/06 v1.3f biblatex bibliography style
Package biblatex Info: Trying to load bibliography style 'numeric-comp'...
Package biblatex Info: ... file 'numeric-comp.bbx' found.

(c:/texlive/2023/texmf-dist/tex/latex/biblatex/bbx/numeric-comp.bbx
File: numeric-comp.bbx 2023/03/05 v3.19 biblatex bibliography style (PK/MW)
Package biblatex Info: Trying to load bibliography style 'numeric'...
Package biblatex Info: ... file 'numeric.bbx' found.

(c:/texlive/2023/texmf-dist/tex/latex/biblatex/bbx/numeric.bbx
File: numeric.bbx 2023/03/05 v3.19 biblatex bibliography style (PK/MW)
Package biblatex Info: Trying to load bibliography style 'standard'...
Package biblatex Info: ... file 'standard.bbx' found.

(c:/texlive/2023/texmf-dist/tex/latex/biblatex/bbx/standard.bbx
File: standard.bbx 2023/03/05 v3.19 biblatex bibliography style (PK/MW)
\c@bbx:relatedcount=\count385
\c@bbx:relatedtotal=\count386
))))
Package biblatex Info: Trying to load citation style 'ieee'...
Package biblatex Info: ... file 'ieee.cbx' found.

(c:/texlive/2023/texmf-dist/tex/latex/biblatex-ieee/ieee.cbx
File: ieee.cbx 2021/12/06 v1.3f biblatex citation style
Package biblatex Info: Trying to load citation style 'numeric-comp'...
Package biblatex Info: ... file 'numeric-comp.cbx' found.

(c:/texlive/2023/texmf-dist/tex/latex/biblatex/cbx/numeric-comp.cbx
File: numeric-comp.cbx 2023/03/05 v3.19 biblatex citation style (PK/MW)
\c@cbx@tempcnta=\count387
\c@cbx@tempcntb=\count388
\c@cbx@tempcntc=\count389
\c@cbx@tempcntd=\count390
Package biblatex Info: Redefining '\cite'.
Package biblatex Info: Redefining '\parencite'.
Package biblatex Info: Redefining '\footcite'.
Package biblatex Info: Redefining '\footcitetext'.
Package biblatex Info: Redefining '\smartcite'.
Package biblatex Info: Redefining '\supercite'.
Package biblatex Info: Redefining '\textcite'.
Package biblatex Info: Redefining '\textcites'.
Package biblatex Info: Redefining '\cites'.
Package biblatex Info: Redefining '\parencites'.
Package biblatex Info: Redefining '\smartcites'.
)
Package biblatex Info: Redefining '\cite'.
Package biblatex Info: Redefining '\supercite'.
Package biblatex Info: Redefining '\cites'.
)
Package biblatex Info: Trying to load configuration file...
Package biblatex Info: ... file 'biblatex.cfg' found.

(c:/texlive/2023/texmf-dist/tex/latex/biblatex/biblatex.cfg
File: biblatex.cfg 
)
Package biblatex Info: Input encoding 'utf8' detected.
Package biblatex Info: Document encoding is UTF8 ....

(c:/texlive/2023/texmf-dist/tex/latex/l3kernel/expl3.sty
Package: expl3 2023-02-22 L3 programming layer (loader) 

(c:/texlive/2023/texmf-dist/tex/latex/l3backend/l3backend-pdftex.def
File: l3backend-pdftex.def 2023-01-16 L3 backend support: PDF output (pdfTeX)
\l__color_backend_stack_int=\count391
\l__pdf_internal_box=\box51
))
Package biblatex Info: ... and expl3
(biblatex)             2023-02-22 L3 programming layer (loader) 
(biblatex)             is new enough (at least 2020/04/06),
(biblatex)             setting 'casechanger=expl3'.

(c:/texlive/2023/texmf-dist/tex/latex/biblatex/blx-case-expl3.sty
(c:/texlive/2023/texmf-dist/tex/latex/l3packages/xparse/xparse.sty
Package: xparse 2023-02-02 L3 Experimental document command parser
)
Package: blx-case-expl3 2023/03/05 v3.19 expl3 case changing code for biblatex
))
(c:/texlive/2023/texmf-dist/tex/latex/csquotes/csquotes.sty
Package: csquotes 2022-09-14 v5.2n context-sensitive quotations (JAW)
\csq@reset=\count392
\csq@gtype=\count393
\csq@glevel=\count394
\csq@qlevel=\count395
\csq@maxlvl=\count396
\csq@tshold=\count397
\csq@ltx@everypar=\toks19

(c:/texlive/2023/texmf-dist/tex/latex/csquotes/csquotes.def
File: csquotes.def 2022-09-14 v5.2n csquotes generic definitions (JAW)
)
Package csquotes Info: Trying to load configuration file 'csquotes.cfg'...
Package csquotes Info: ... configuration file loaded successfully.

(c:/texlive/2023/texmf-dist/tex/latex/csquotes/csquotes.cfg
File: csquotes.cfg 
))
(c:/texlive/2023/texmf-dist/tex/generic/babel/babel.sty
Package: babel 2023/02/13 3.86 The Babel package
\babel@savecnt=\count398
\U@D=\dimen141
\l@unhyphenated=\language88

(c:/texlive/2023/texmf-dist/tex/generic/babel/txtbabel.def)
\bbl@readstream=\read3
\bbl@dirlevel=\count399

(c:/texlive/2023/texmf-dist/tex/generic/babel-portuges/portuguese.ldf
Language: portuges 2021/07/09 v1.2t Portuguese support from the babel system
Package babel Info: Making " an active character on input line 143.
))
(c:/texlive/2023/texmf-dist/tex/generic/babel/locale/pt/babel-portuguese.tex
Package babel Info: Importing font and identification data for portuguese
(babel)             from babel-pt.ini. Reported on input line 11.
)
(c:/texlive/2023/texmf-dist/tex/latex/blindtext/blindtext.sty
Package: blindtext 2012/01/06 V2.0 blindtext-Package

(c:/texlive/2023/texmf-dist/tex/latex/tools/xspace.sty
Package: xspace 2014/10/28 v1.13 Space after command names (DPC,MH)
)
\c@blindtext=\count400
\c@Blindtext=\count401
\c@blind@countparstart=\count402
\blind@countxx=\count403
\blindtext@numBlindtext=\count404
\blind@countyy=\count405
\c@blindlist=\count406
\c@blindlistlevel=\count407
\c@blindlist@level=\count408
\blind@listitem=\count409
\c@blind@listcount=\count410
\c@blind@levelcount=\count411
\blind@mathformula=\count412
\blind@Mathformula=\count413
\c@blind@randomcount=\count414
\c@blind@randommax=\count415
\c@blind@pangramcount=\count416
\c@blind@pangrammax=\count417
)
(c:/texlive/2023/texmf-dist/tex/latex/acronym/acronym.sty
Package: acronym 2020/04/17 v1.47 Support for acronyms (Tobias Oetiker)

(c:/texlive/2023/texmf-dist/tex/latex/bigfoot/suffix.sty
Package: suffix 2006/07/15 1.5a Variant command support
)
(c:/texlive/2023/texmf-dist/tex/generic/xstring/xstring.sty
(c:/texlive/2023/texmf-dist/tex/generic/xstring/xstring.tex
\integerpart=\count418
\decimalpart=\count419
)
Package: xstring 2023/01/14 v1.85 String manipulations (CT)
)
\AC@clearlist=\toks20
)
(c:/texlive/2023/texmf-dist/tex/latex/hyperref/hyperref.sty
Package: hyperref 2023-02-07 v7.00v Hypertext links for LaTeX

(c:/texlive/2023/texmf-dist/tex/generic/kvdefinekeys/kvdefinekeys.sty
Package: kvdefinekeys 2019-12-19 v1.6 Define keys (HO)
)
(c:/texlive/2023/texmf-dist/tex/generic/pdfescape/pdfescape.sty
Package: pdfescape 2019/12/09 v1.15 Implements pdfTeX's escape features (HO)
)
(c:/texlive/2023/texmf-dist/tex/latex/hycolor/hycolor.sty
Package: hycolor 2020-01-27 v1.10 Color options for hyperref/bookmark (HO)
)
(c:/texlive/2023/texmf-dist/tex/latex/letltxmacro/letltxmacro.sty
Package: letltxmacro 2019/12/03 v1.6 Let assignment for LaTeX macros (HO)
)
(c:/texlive/2023/texmf-dist/tex/latex/auxhook/auxhook.sty
Package: auxhook 2019-12-17 v1.6 Hooks for auxiliary files (HO)
)
(c:/texlive/2023/texmf-dist/tex/latex/hyperref/nameref.sty
Package: nameref 2022-05-17 v2.50 Cross-referencing by name of section

(c:/texlive/2023/texmf-dist/tex/latex/refcount/refcount.sty
Package: refcount 2019/12/15 v3.6 Data extraction from label references (HO)
)
(c:/texlive/2023/texmf-dist/tex/generic/gettitlestring/gettitlestring.sty
Package: gettitlestring 2019/12/15 v1.6 Cleanup title references (HO)
)
\c@section@level=\count420
)
\@linkdim=\dimen142
\Hy@linkcounter=\count421
\Hy@pagecounter=\count422

(c:/texlive/2023/texmf-dist/tex/latex/hyperref/pd1enc.def
File: pd1enc.def 2023-02-07 v7.00v Hyperref: PDFDocEncoding definition (HO)
Now handling font encoding PD1 ...
... no UTF-8 mapping file for font encoding PD1
)
(c:/texlive/2023/texmf-dist/tex/generic/intcalc/intcalc.sty
Package: intcalc 2019/12/15 v1.3 Expandable calculations with integers (HO)
)
(c:/texlive/2023/texmf-dist/tex/generic/etexcmds/etexcmds.sty
Package: etexcmds 2019/12/15 v1.7 Avoid name clashes with e-TeX commands (HO)
)
\Hy@SavedSpaceFactor=\count423

(c:/texlive/2023/texmf-dist/tex/latex/hyperref/puenc.def
File: puenc.def 2023-02-07 v7.00v Hyperref: PDF Unicode definition (HO)
Now handling font encoding PU ...
... no UTF-8 mapping file for font encoding PU
)
Package hyperref Info: Hyper figures OFF on input line 4177.
Package hyperref Info: Link nesting OFF on input line 4182.
Package hyperref Info: Hyper index ON on input line 4185.
Package hyperref Info: Plain pages OFF on input line 4192.
Package hyperref Info: Backreferencing OFF on input line 4197.
Package hyperref Info: Implicit mode ON; LaTeX internals redefined.
Package hyperref Info: Bookmarks ON on input line 4425.
\c@Hy@tempcnt=\count424
LaTeX Info: Redefining \url on input line 4763.
\XeTeXLinkMargin=\dimen143

(c:/texlive/2023/texmf-dist/tex/generic/bitset/bitset.sty
Package: bitset 2019/12/09 v1.3 Handle bit-vector datatype (HO)

(c:/texlive/2023/texmf-dist/tex/generic/bigintcalc/bigintcalc.sty
Package: bigintcalc 2019/12/15 v1.5 Expandable calculations on big integers (HO
)
))
\Fld@menulength=\count425
\Field@Width=\dimen144
\Fld@charsize=\dimen145
Package hyperref Info: Hyper figures OFF on input line 6042.
Package hyperref Info: Link nesting OFF on input line 6047.
Package hyperref Info: Hyper index ON on input line 6050.
Package hyperref Info: backreferencing OFF on input line 6057.
Package hyperref Info: Link coloring OFF on input line 6062.
Package hyperref Info: Link coloring with OCG OFF on input line 6067.
Package hyperref Info: PDF/A mode OFF on input line 6072.

(c:/texlive/2023/texmf-dist/tex/latex/base/atbegshi-ltx.sty
Package: atbegshi-ltx 2021/01/10 v1.0c Emulation of the original atbegshi
package with kernel methods
)
\Hy@abspage=\count426
\c@Item=\count427
\c@Hfootnote=\count428
)
Package hyperref Info: Driver (autodetected): hpdftex.

(c:/texlive/2023/texmf-dist/tex/latex/hyperref/hpdftex.def
File: hpdftex.def 2023-02-07 v7.00v Hyperref driver for pdfTeX

(c:/texlive/2023/texmf-dist/tex/latex/base/atveryend-ltx.sty
Package: atveryend-ltx 2020/08/19 v1.0a Emulation of the original atveryend pac
kage
with kernel methods
)
\Fld@listcount=\count429
\c@bookmark@seq@number=\count430

(c:/texlive/2023/texmf-dist/tex/latex/rerunfilecheck/rerunfilecheck.sty
Package: rerunfilecheck 2022-07-10 v1.10 Rerun checks for auxiliary files (HO)

(c:/texlive/2023/texmf-dist/tex/generic/uniquecounter/uniquecounter.sty
Package: uniquecounter 2019/12/15 v1.4 Provide unlimited unique counter (HO)
)
Package uniquecounter Info: New unique counter `rerunfilecheck' on input line 2
85.
)
\Hy@SectionHShift=\skip72
)
(c:/texlive/2023/texmf-dist/tex/latex/graphics/graphicx.sty
Package: graphicx 2021/09/16 v1.2d Enhanced LaTeX Graphics (DPC,SPQR)

(c:/texlive/2023/texmf-dist/tex/latex/graphics/graphics.sty
Package: graphics 2022/03/10 v1.4e Standard LaTeX Graphics (DPC,SPQR)

(c:/texlive/2023/texmf-dist/tex/latex/graphics/trig.sty
Package: trig 2021/08/11 v1.11 sin cos tan (DPC)
)
(c:/texlive/2023/texmf-dist/tex/latex/graphics-cfg/graphics.cfg
File: graphics.cfg 2016/06/04 v1.11 sample graphics configuration
)
Package graphics Info: Driver file: pdftex.def on input line 107.

(c:/texlive/2023/texmf-dist/tex/latex/graphics-def/pdftex.def
File: pdftex.def 2022/09/22 v1.2b Graphics/color driver for pdftex
))
\Gin@req@height=\dimen146
\Gin@req@width=\dimen147
)
(c:/texlive/2023/texmf-dist/tex/latex/tools/indentfirst.sty
Package: indentfirst 1995/11/23 v1.03 Indent first paragraph (DPC)
)
(c:/texlive/2023/texmf-dist/tex/latex/base/textcomp.sty
Package: textcomp 2020/02/02 v2.0n Standard LaTeX package
)
(c:/texlive/2023/texmf-dist/tex/latex/caption/caption.sty
Package: caption 2023/03/12 v3.6j Customizing captions (AR)

(c:/texlive/2023/texmf-dist/tex/latex/caption/caption3.sty
Package: caption3 2023/03/12 v2.4 caption3 kernel (AR)
\caption@tempdima=\dimen148
\captionmargin=\dimen149
\caption@leftmargin=\dimen150
\caption@rightmargin=\dimen151
\caption@width=\dimen152
\caption@indent=\dimen153
\caption@parindent=\dimen154
\caption@hangindent=\dimen155
Package caption Info: Standard document class detected.
)
\c@caption@flags=\count431
\c@continuedfloat=\count432
Package caption Info: hyperref package is loaded.
)
Package csquotes Info: Checking for multilingual support...
Package csquotes Info: ... found 'babel' package.
Package csquotes Info: Adjusting default style.
Package csquotes Info: Redefining alias 'default' -> 'portuguese'.
 (./documento.aux

LaTeX Warning: Label `fig:imagem4' multiply defined.

)
\openout1 = `documento.aux'.

LaTeX Font Info:    Checking defaults for OML/cmm/m/it on input line 19.
LaTeX Font Info:    ... okay on input line 19.
LaTeX Font Info:    Checking defaults for OMS/cmsy/m/n on input line 19.
LaTeX Font Info:    ... okay on input line 19.
LaTeX Font Info:    Checking defaults for OT1/cmr/m/n on input line 19.
LaTeX Font Info:    ... okay on input line 19.
LaTeX Font Info:    Checking defaults for T1/cmr/m/n on input line 19.
LaTeX Font Info:    ... okay on input line 19.
LaTeX Font Info:    Checking defaults for TS1/cmr/m/n on input line 19.
LaTeX Font Info:    ... okay on input line 19.
LaTeX Font Info:    Checking defaults for OMX/cmex/m/n on input line 19.
LaTeX Font Info:    ... okay on input line 19.
LaTeX Font Info:    Checking defaults for U/cmr/m/n on input line 19.
LaTeX Font Info:    ... okay on input line 19.
LaTeX Font Info:    Checking defaults for PD1/pdf/m/n on input line 19.
LaTeX Font Info:    ... okay on input line 19.
LaTeX Font Info:    Checking defaults for PU/pdf/m/n on input line 19.
LaTeX Font Info:    ... okay on input line 19.
Package biblatex Info: Trying to load language 'portuguese'...
Package biblatex Info: ... file 'portuguese.lbx' found.
 (c:/texlive/2023/texmf-dist/tex/latex/biblatex/lbx/portuguese.lbx
File: portuguese.lbx 2023/03/05 v3.19 biblatex localization (PK/MW)
)
Package biblatex Info: Input encoding 'utf8' detected.
Package biblatex Info: Automatic encoding selection.
(biblatex)             Assuming data encoding 'utf8'.
\openout3 = `documento.bcf'.

Package biblatex Info: Trying to load bibliographic data...
Package biblatex Info: ... file 'documento.bbl' not found.

No file documento.bbl.
Package biblatex Info: Reference section=0 on input line 19.
Package biblatex Info: Reference segment=0 on input line 19.
Package hyperref Info: Link coloring OFF on input line 19.
(./documento.out) (./documento.out)
\@outlinefile=\write4
\openout4 = `documento.out'.


(c:/texlive/2023/texmf-dist/tex/context/base/mkii/supp-pdf.mkii
[Loading MPS to PDF converter (version 2006.09.02).]
\scratchcounter=\count433
\scratchdimen=\dimen156
\scratchbox=\box52
\nofMPsegments=\count434
\nofMParguments=\count435
\everyMPshowfont=\toks21
\MPscratchCnt=\count436
\MPscratchDim=\dimen157
\MPnumerator=\count437
\makeMPintoPDFobject=\count438
\everyMPtoPDFconversion=\toks22
) (c:/texlive/2023/texmf-dist/tex/latex/epstopdf-pkg/epstopdf-base.sty
Package: epstopdf-base 2020-01-24 v2.11 Base part for package epstopdf
Package epstopdf-base Info: Redefining graphics rule for `.eps' on input line 4
85.

(c:/texlive/2023/texmf-dist/tex/latex/latexconfig/epstopdf-sys.cfg
File: epstopdf-sys.cfg 2010/07/13 v1.3 Configuration of (r)epstopdf for TeX Liv
e
))
Package caption Info: Begin \AtBeginDocument code.
Package caption Info: End \AtBeginDocument code.
<ua.pdf, id=32, 52.195pt x 55.20625pt>
File: ua.pdf Graphic file (type pdf)
<use ua.pdf>
Package pdftex.def Info: ua.pdf  used on input line 54.
(pdftex.def)             Requested size: 52.19487pt x 55.2061pt.
 [1

{c:/texlive/2023/texmf-var/fonts/map/pdftex/updmap/pdftex.map}{c:/texlive/2023/
texmf-dist/fonts/enc/dvips/cm-super/cm-super-t1.enc} <./ua.pdf>]
LaTeX Font Info:    External font `cmex10' loaded for size
(Font)              <12> on input line 79.
LaTeX Font Info:    External font `cmex10' loaded for size
(Font)              <8> on input line 79.
LaTeX Font Info:    External font `cmex10' loaded for size
(Font)              <6> on input line 79.

pdfTeX warning (ext4): destination with the same identifier (name{page.1}) has 
been already used, duplicate ignored
<to be read again> 
                   \relax 
l.79 
      [1] (./documento.toc
LaTeX Font Info:    External font `cmex10' loaded for size
(Font)              <7> on input line 4.
LaTeX Font Info:    External font `cmex10' loaded for size
(Font)              <5> on input line 4.
)
\tf@toc=\write5
\openout5 = `documento.toc'.

 [1

] (./documento.lof)
\tf@lof=\write6
\openout6 = `documento.lof'.

 [2

]
Cap\'{\i }tulo 1.

Underfull \hbox (badness 10000) in paragraph at lines 108--114

 []


Underfull \hbox (badness 10000) in paragraph at lines 108--114

 []


pdfTeX warning (ext4): destination with the same identifier (name{page.1}) has 
been already used, duplicate ignored
<to be read again> 
                   \relax 
l.115 \chapter
              {Desenvolvimento do Sistema Digital} [1


]
Cap\'{\i }tulo 2.
<images/fase2v9_2.png, id=86, 1901.60437pt x 921.4425pt>
File: images/fase2v9_2.png Graphic file (type png)
<use images/fase2v9_2.png>
Package pdftex.def Info: images/fase2v9_2.png  used on input line 141.
(pdftex.def)             Requested size: 335.0pt x 162.32341pt.
<images/SistemaAbstrato_2.png, id=88, 1723.94063pt x 536.0025pt>
File: images/SistemaAbstrato_2.png Graphic file (type png)
<use images/SistemaAbstrato_2.png>
Package pdftex.def Info: images/SistemaAbstrato_2.png  used on input line 149.
(pdftex.def)             Requested size: 250.0pt x 77.72246pt.

Overfull \hbox (21.28166pt too wide) in paragraph at lines 136--153
\T1/cmr/m/it/10 dard\T1/cmr/m/n/10 , as-sim como por con-tro-la-do-res cos-tu-m
i-za-dos (as FSM). Es-tas FSM caracterizam-
 []


Underfull \hbox (badness 10000) in paragraph at lines 136--153

 []

[2

{c:/texlive/2023/texmf-dist/fonts/enc/dvips/cm-super/cm-super-ts1.enc}]
[3 <./images/fase2v9_2.png> <./images/SistemaAbstrato_2.png>]
<images/FSM1_2.png, id=103, 1701.35625pt x 695.59875pt>
File: images/FSM1_2.png Graphic file (type png)
<use images/FSM1_2.png>
Package pdftex.def Info: images/FSM1_2.png  used on input line 160.
(pdftex.def)             Requested size: 310.0pt x 126.7414pt.
<images/FSM2_2.png, id=104, 1737.49126pt x 694.09312pt>
File: images/FSM2_2.png Graphic file (type png)
<use images/FSM2_2.png>
Package pdftex.def Info: images/FSM2_2.png  used on input line 168.
(pdftex.def)             Requested size: 310.0pt x 123.82991pt.

Underfull \hbox (badness 10000) in paragraph at lines 155--172

 []

[4 <./images/FSM1_2.png> <./images/FSM2_2.png>]
<images/FSM1_TB_2.png, id=111, 1425.07407pt x 204.01219pt>
File: images/FSM1_TB_2.png Graphic file (type png)
<use images/FSM1_TB_2.png>
Package pdftex.def Info: images/FSM1_TB_2.png  used on input line 180.
(pdftex.def)             Requested size: 335.0pt x 47.95844pt.
 [5 <./images/FSM1_TB_2.png>]
Cap\'{\i }tulo 3.
[6

]
Cap\'{\i }tulo 4.

Underfull \hbox (badness 10000) in paragraph at lines 191--194

 []


LaTeX Warning: Empty bibliography on input line 211.

[7

] (./documento.aux)

LaTeX Warning: There were undefined references.


LaTeX Warning: There were multiply-defined labels.

Package rerunfilecheck Info: File `documento.out' has not changed.
(rerunfilecheck)             Checksum: 041518C8B6297BF30923D0E701999D96;1088.

Package biblatex Warning: Please (re)run Biber on the file:
(biblatex)                documento
(biblatex)                and rerun LaTeX afterwards.

Package logreq Info: Writing requests to 'documento.run.xml'.
\openout1 = `documento.run.xml'.

 ) 
Here is how much of TeX's memory you used:
 19540 strings out of 476025
 346570 string characters out of 5794015
 1859382 words of memory out of 5000000
 39738 multiletter control sequences out of 15000+600000
 526328 words of font info for 57 fonts, out of 8000000 for 9000
 1141 hyphenation exceptions out of 8191
 63i,7n,68p,1051b,1662s stack positions out of 10000i,1000n,20000p,200000b,200000s
<c:/texlive/2023/texmf-dist/fonts/type1/public/cm-super/sfbi1000.pfb><c:/texl
ive/2023/texmf-dist/fonts/type1/public/cm-super/sfbx1000.pfb><c:/texlive/2023/t
exmf-dist/fonts/type1/public/cm-super/sfbx1440.pfb><c:/texlive/2023/texmf-dist/
fonts/type1/public/cm-super/sfbx2074.pfb><c:/texlive/2023/texmf-dist/fonts/type
1/public/cm-super/sfbx2488.pfb><c:/texlive/2023/texmf-dist/fonts/type1/public/c
m-super/sfrm0500.pfb><c:/texlive/2023/texmf-dist/fonts/type1/public/cm-super/sf
rm1000.pfb><c:/texlive/2023/texmf-dist/fonts/type1/public/cm-super/sfrm1200.pfb
><c:/texlive/2023/texmf-dist/fonts/type1/public/cm-super/sfrm1440.pfb><c:/texli
ve/2023/texmf-dist/fonts/type1/public/cm-super/sfrm1728.pfb><c:/texlive/2023/te
xmf-dist/fonts/type1/public/cm-super/sfrm2488.pfb><c:/texlive/2023/texmf-dist/f
onts/type1/public/cm-super/sfti1000.pfb>
Output written on documento.pdf (11 pages, 496778 bytes).
PDF statistics:
 189 PDF objects out of 1000 (max. 8388607)
 137 compressed objects within 2 object streams
 25 named destinations out of 1000 (max. 500000)
 87 words of extra memory for PDF output out of 10000 (max. 10000000)

