Analysis & Synthesis report for BreadMaker
Mon May 29 12:17:49 2023
Quartus Prime Version 20.1.1 Build 720 11/11/2020 SJ Lite Edition


---------------------
; Table of Contents ;
---------------------
  1. Legal Notice
  2. Analysis & Synthesis Summary
  3. Analysis & Synthesis Settings
  4. Parallel Compilation
  5. Analysis & Synthesis Source Files Read
  6. Analysis & Synthesis Resource Usage Summary
  7. Analysis & Synthesis Resource Utilization by Entity
  8. State Machine - |BreadMakerTop|DE2_LCD_DISPLAY:LCD|next_command
  9. State Machine - |BreadMakerTop|DE2_LCD_DISPLAY:LCD|state
 10. State Machine - |BreadMakerTop|BreadBakerFSM:BreadBakerFSM|s_currentState
 11. State Machine - |BreadMakerTop|ControlSystemUnit_v2:ControlSystemUnit|pState
 12. Registers Removed During Synthesis
 13. General Register Statistics
 14. Inverted Register Statistics
 15. Multiplexer Restructuring Statistics (Restructuring Performed)
 16. Parameter Settings for User Entity Instance: Debouncer:debouncerKEY0
 17. Parameter Settings for User Entity Instance: Debouncer:debouncerKEY1
 18. Parameter Settings for User Entity Instance: Debouncer:debouncerKEY2
 19. Parameter Settings for User Entity Instance: Debouncer:debouncerKEY3
 20. Parameter Settings for User Entity Instance: PulseGenN:PulseGen1HZ
 21. Parameter Settings for User Entity Instance: TimerN:Temporizador
 22. Parameter Settings for User Entity Instance: Mux2_1:MuxforHEX5
 23. Parameter Settings for User Entity Instance: ROM_KxN_1P_V1:ROM_Time
 24. Parameter Settings for User Entity Instance: TimerAuxFSM:TimerAuxFSM
 25. Parameter Settings for User Entity Instance: ROM_KxN_1P_V2:ROM_Messages
 26. Parameter Settings for User Entity Instance: DE2_LCD_DISPLAY:LCD
 27. Port Connectivity Checks: "Bin7SegDecoder:Bin7SegHEX4"
 28. Port Connectivity Checks: "Bin7SegDecoder:Bin7SegHEX3"
 29. Port Connectivity Checks: "Bin7SegDecoder:Bin7SegHEX2"
 30. Port Connectivity Checks: "Bin7SegDecoder:Bin7SegHEX1"
 31. Port Connectivity Checks: "Bin7SegDecoder:Bin7SegHEX0"
 32. Port Connectivity Checks: "Mux2_1:MuxforHEX5"
 33. Port Connectivity Checks: "Mux3_1:MuxforHEX4"
 34. Port Connectivity Checks: "TimeExtra:TimeExtra|Counter:Counter"
 35. Post-Synthesis Netlist Statistics for Top Partition
 36. Elapsed Time Per Partition
 37. Analysis & Synthesis Messages



----------------
; Legal Notice ;
----------------
Copyright (C) 2020  Intel Corporation. All rights reserved.
Your use of Intel Corporation's design tools, logic functions 
and other software and tools, and any partner logic 
functions, and any output files from any of the foregoing 
(including device programming or simulation files), and any 
associated documentation or information are expressly subject 
to the terms and conditions of the Intel Program License 
Subscription Agreement, the Intel Quartus Prime License Agreement,
the Intel FPGA IP License Agreement, or other applicable license
agreement, including, without limitation, that your use is for
the sole purpose of programming logic devices manufactured by
Intel and sold by Intel or its authorized distributors.  Please
refer to the applicable agreement for further details, at
https://fpgasoftware.intel.com/eula.



+----------------------------------------------------------------------------------+
; Analysis & Synthesis Summary                                                     ;
+------------------------------------+---------------------------------------------+
; Analysis & Synthesis Status        ; Successful - Mon May 29 12:17:49 2023       ;
; Quartus Prime Version              ; 20.1.1 Build 720 11/11/2020 SJ Lite Edition ;
; Revision Name                      ; BreadMaker                                  ;
; Top-level Entity Name              ; BreadMakerTop                               ;
; Family                             ; Cyclone IV E                                ;
; Total logic elements               ; 914                                         ;
;     Total combinational functions  ; 900                                         ;
;     Dedicated logic registers      ; 268                                         ;
; Total registers                    ; 268                                         ;
; Total pins                         ; 79                                          ;
; Total virtual pins                 ; 0                                           ;
; Total memory bits                  ; 0                                           ;
; Embedded Multiplier 9-bit elements ; 0                                           ;
; Total PLLs                         ; 0                                           ;
+------------------------------------+---------------------------------------------+


+------------------------------------------------------------------------------------------------------------+
; Analysis & Synthesis Settings                                                                              ;
+------------------------------------------------------------------+--------------------+--------------------+
; Option                                                           ; Setting            ; Default Value      ;
+------------------------------------------------------------------+--------------------+--------------------+
; Device                                                           ; EP4CE115F29C7      ;                    ;
; Top-level entity name                                            ; BreadMakerTop      ; BreadMaker         ;
; Family name                                                      ; Cyclone IV E       ; Cyclone V          ;
; Use smart compilation                                            ; Off                ; Off                ;
; Enable parallel Assembler and Timing Analyzer during compilation ; On                 ; On                 ;
; Enable compact report table                                      ; Off                ; Off                ;
; Restructure Multiplexers                                         ; Auto               ; Auto               ;
; Create Debugging Nodes for IP Cores                              ; Off                ; Off                ;
; Preserve fewer node names                                        ; On                 ; On                 ;
; Intel FPGA IP Evaluation Mode                                    ; Enable             ; Enable             ;
; Verilog Version                                                  ; Verilog_2001       ; Verilog_2001       ;
; VHDL Version                                                     ; VHDL_1993          ; VHDL_1993          ;
; State Machine Processing                                         ; Auto               ; Auto               ;
; Safe State Machine                                               ; Off                ; Off                ;
; Extract Verilog State Machines                                   ; On                 ; On                 ;
; Extract VHDL State Machines                                      ; On                 ; On                 ;
; Ignore Verilog initial constructs                                ; Off                ; Off                ;
; Iteration limit for constant Verilog loops                       ; 5000               ; 5000               ;
; Iteration limit for non-constant Verilog loops                   ; 250                ; 250                ;
; Add Pass-Through Logic to Inferred RAMs                          ; On                 ; On                 ;
; Infer RAMs from Raw Logic                                        ; On                 ; On                 ;
; Parallel Synthesis                                               ; On                 ; On                 ;
; DSP Block Balancing                                              ; Auto               ; Auto               ;
; NOT Gate Push-Back                                               ; On                 ; On                 ;
; Power-Up Don't Care                                              ; On                 ; On                 ;
; Remove Redundant Logic Cells                                     ; Off                ; Off                ;
; Remove Duplicate Registers                                       ; On                 ; On                 ;
; Ignore CARRY Buffers                                             ; Off                ; Off                ;
; Ignore CASCADE Buffers                                           ; Off                ; Off                ;
; Ignore GLOBAL Buffers                                            ; Off                ; Off                ;
; Ignore ROW GLOBAL Buffers                                        ; Off                ; Off                ;
; Ignore LCELL Buffers                                             ; Off                ; Off                ;
; Ignore SOFT Buffers                                              ; On                 ; On                 ;
; Limit AHDL Integers to 32 Bits                                   ; Off                ; Off                ;
; Optimization Technique                                           ; Balanced           ; Balanced           ;
; Carry Chain Length                                               ; 70                 ; 70                 ;
; Auto Carry Chains                                                ; On                 ; On                 ;
; Auto Open-Drain Pins                                             ; On                 ; On                 ;
; Perform WYSIWYG Primitive Resynthesis                            ; Off                ; Off                ;
; Auto ROM Replacement                                             ; On                 ; On                 ;
; Auto RAM Replacement                                             ; On                 ; On                 ;
; Auto DSP Block Replacement                                       ; On                 ; On                 ;
; Auto Shift Register Replacement                                  ; Auto               ; Auto               ;
; Allow Shift Register Merging across Hierarchies                  ; Auto               ; Auto               ;
; Auto Clock Enable Replacement                                    ; On                 ; On                 ;
; Strict RAM Replacement                                           ; Off                ; Off                ;
; Allow Synchronous Control Signals                                ; On                 ; On                 ;
; Force Use of Synchronous Clear Signals                           ; Off                ; Off                ;
; Auto RAM Block Balancing                                         ; On                 ; On                 ;
; Auto RAM to Logic Cell Conversion                                ; Off                ; Off                ;
; Auto Resource Sharing                                            ; Off                ; Off                ;
; Allow Any RAM Size For Recognition                               ; Off                ; Off                ;
; Allow Any ROM Size For Recognition                               ; Off                ; Off                ;
; Allow Any Shift Register Size For Recognition                    ; Off                ; Off                ;
; Use LogicLock Constraints during Resource Balancing              ; On                 ; On                 ;
; Ignore translate_off and synthesis_off directives                ; Off                ; Off                ;
; Timing-Driven Synthesis                                          ; On                 ; On                 ;
; Report Parameter Settings                                        ; On                 ; On                 ;
; Report Source Assignments                                        ; On                 ; On                 ;
; Report Connectivity Checks                                       ; On                 ; On                 ;
; Ignore Maximum Fan-Out Assignments                               ; Off                ; Off                ;
; Synchronization Register Chain Length                            ; 2                  ; 2                  ;
; Power Optimization During Synthesis                              ; Normal compilation ; Normal compilation ;
; HDL message level                                                ; Level2             ; Level2             ;
; Suppress Register Optimization Related Messages                  ; Off                ; Off                ;
; Number of Removed Registers Reported in Synthesis Report         ; 5000               ; 5000               ;
; Number of Swept Nodes Reported in Synthesis Report               ; 5000               ; 5000               ;
; Number of Inverted Registers Reported in Synthesis Report        ; 100                ; 100                ;
; Clock MUX Protection                                             ; On                 ; On                 ;
; Auto Gated Clock Conversion                                      ; Off                ; Off                ;
; Block Design Naming                                              ; Auto               ; Auto               ;
; SDC constraint protection                                        ; Off                ; Off                ;
; Synthesis Effort                                                 ; Auto               ; Auto               ;
; Shift Register Replacement - Allow Asynchronous Clear Signal     ; On                 ; On                 ;
; Pre-Mapping Resynthesis Optimization                             ; Off                ; Off                ;
; Analysis & Synthesis Message Level                               ; Medium             ; Medium             ;
; Disable Register Merging Across Hierarchies                      ; Auto               ; Auto               ;
; Resource Aware Inference For Block RAM                           ; On                 ; On                 ;
+------------------------------------------------------------------+--------------------+--------------------+


+------------------------------------------+
; Parallel Compilation                     ;
+----------------------------+-------------+
; Processors                 ; Number      ;
+----------------------------+-------------+
; Number detected on machine ; 8           ;
; Maximum allowed            ; 8           ;
;                            ;             ;
; Average used               ; 1.00        ;
; Maximum used               ; 8           ;
;                            ;             ;
; Usage by Processor         ; % Time Used ;
;     Processor 1            ; 100.0%      ;
;     Processor 2            ;   0.1%      ;
;     Processor 3            ;   0.0%      ;
;     Processor 4            ;   0.0%      ;
;     Processor 5            ;   0.0%      ;
;     Processor 6            ;   0.0%      ;
;     Processors 7-8         ;   0.0%      ;
+----------------------------+-------------+


+---------------------------------------------------------------------------------------------------------------------------------------------------------------------+
; Analysis & Synthesis Source Files Read                                                                                                                              ;
+---------------------------------------+-----------------+-----------------+-------------------------------------------------------------------------------+---------+
; File Name with User-Entered Path      ; Used in Netlist ; File Type       ; File Name with Absolute Path                                                  ; Library ;
+---------------------------------------+-----------------+-----------------+-------------------------------------------------------------------------------+---------+
; BreadMakerTop.vhd                     ; yes             ; User VHDL File  ; C:/Users/Olga/Downloads/Fase 3_v2_Final/BreadMakerTop.vhd                     ;         ;
; Logic_Blocks/Debouncer.vhd            ; yes             ; User VHDL File  ; C:/Users/Olga/Downloads/Fase 3_v2_Final/Logic_Blocks/Debouncer.vhd            ;         ;
; Logic_Blocks/FlipFlopD.vhd            ; yes             ; User VHDL File  ; C:/Users/Olga/Downloads/Fase 3_v2_Final/Logic_Blocks/FlipFlopD.vhd            ;         ;
; Logic_Blocks/ControlSystemUnit_v2.vhd ; yes             ; User VHDL File  ; C:/Users/Olga/Downloads/Fase 3_v2_Final/Logic_Blocks/ControlSystemUnit_v2.vhd ;         ;
; Logic_Blocks/PulseGenN.vhd            ; yes             ; User VHDL File  ; C:/Users/Olga/Downloads/Fase 3_v2_Final/Logic_Blocks/PulseGenN.vhd            ;         ;
; Logic_Blocks/TimerN.vhd               ; yes             ; User VHDL File  ; C:/Users/Olga/Downloads/Fase 3_v2_Final/Logic_Blocks/TimerN.vhd               ;         ;
; Logic_Blocks/TimeExtra.vhd            ; yes             ; User VHDL File  ; C:/Users/Olga/Downloads/Fase 3_v2_Final/Logic_Blocks/TimeExtra.vhd            ;         ;
; Logic_Blocks/Counter.vhd              ; yes             ; User VHDL File  ; C:/Users/Olga/Downloads/Fase 3_v2_Final/Logic_Blocks/Counter.vhd              ;         ;
; Logic_Blocks/Mux3_1.vhd               ; yes             ; User VHDL File  ; C:/Users/Olga/Downloads/Fase 3_v2_Final/Logic_Blocks/Mux3_1.vhd               ;         ;
; Logic_Blocks/Mux2_1.vhd               ; yes             ; User VHDL File  ; C:/Users/Olga/Downloads/Fase 3_v2_Final/Logic_Blocks/Mux2_1.vhd               ;         ;
; Logic_Blocks/BreadBakerFSM.vhd        ; yes             ; User VHDL File  ; C:/Users/Olga/Downloads/Fase 3_v2_Final/Logic_Blocks/BreadBakerFSM.vhd        ;         ;
; Logic_Blocks/TimerAuxFSM.vhd          ; yes             ; User VHDL File  ; C:/Users/Olga/Downloads/Fase 3_v2_Final/Logic_Blocks/TimerAuxFSM.vhd          ;         ;
; Logic_Blocks/ROM_KxN_1P_V1.vhd        ; yes             ; User VHDL File  ; C:/Users/Olga/Downloads/Fase 3_v2_Final/Logic_Blocks/ROM_KxN_1P_V1.vhd        ;         ;
; Logic_Blocks/ROM_KxN_1P_V2.vhd        ; yes             ; User VHDL File  ; C:/Users/Olga/Downloads/Fase 3_v2_Final/Logic_Blocks/ROM_KxN_1P_V2.vhd        ;         ;
; Logic_Blocks/DE2_LCD_DISPLAY.vhd      ; yes             ; User VHDL File  ; C:/Users/Olga/Downloads/Fase 3_v2_Final/Logic_Blocks/DE2_LCD_DISPLAY.vhd      ;         ;
; Logic_Blocks/BinToBCD.vhd             ; yes             ; User VHDL File  ; C:/Users/Olga/Downloads/Fase 3_v2_Final/Logic_Blocks/BinToBCD.vhd             ;         ;
; Logic_Blocks/Bin7SegDecoder.vhd       ; yes             ; User VHDL File  ; C:/Users/Olga/Downloads/Fase 3_v2_Final/Logic_Blocks/Bin7SegDecoder.vhd       ;         ;
+---------------------------------------+-----------------+-----------------+-------------------------------------------------------------------------------+---------+


+--------------------------------------------------------------+
; Analysis & Synthesis Resource Usage Summary                  ;
+---------------------------------------------+----------------+
; Resource                                    ; Usage          ;
+---------------------------------------------+----------------+
; Estimated Total logic elements              ; 914            ;
;                                             ;                ;
; Total combinational functions               ; 900            ;
; Logic element usage by number of LUT inputs ;                ;
;     -- 4 input functions                    ; 440            ;
;     -- 3 input functions                    ; 148            ;
;     -- <=2 input functions                  ; 312            ;
;                                             ;                ;
; Logic elements by mode                      ;                ;
;     -- normal mode                          ; 714            ;
;     -- arithmetic mode                      ; 186            ;
;                                             ;                ;
; Total registers                             ; 268            ;
;     -- Dedicated logic registers            ; 268            ;
;     -- I/O registers                        ; 0              ;
;                                             ;                ;
; I/O pins                                    ; 79             ;
;                                             ;                ;
; Embedded Multiplier 9-bit elements          ; 0              ;
;                                             ;                ;
; Maximum fan-out node                        ; CLOCK_50~input ;
; Maximum fan-out                             ; 268            ;
; Total fan-out                               ; 3770           ;
; Average fan-out                             ; 2.83           ;
+---------------------------------------------+----------------+


+----------------------------------------------------------------------------------------------------------------------------------------------------------------------------------------------------------------------------------------------------------------------+
; Analysis & Synthesis Resource Utilization by Entity                                                                                                                                                                                                                  ;
+---------------------------------------------+---------------------+---------------------------+-------------+--------------+---------+-----------+------+--------------+-------------------------------------------------------+----------------------+--------------+
; Compilation Hierarchy Node                  ; Combinational ALUTs ; Dedicated Logic Registers ; Memory Bits ; DSP Elements ; DSP 9x9 ; DSP 18x18 ; Pins ; Virtual Pins ; Full Hierarchy Name                                   ; Entity Name          ; Library Name ;
+---------------------------------------------+---------------------+---------------------------+-------------+--------------+---------+-----------+------+--------------+-------------------------------------------------------+----------------------+--------------+
; |BreadMakerTop                              ; 900 (3)             ; 268 (0)                   ; 0           ; 0            ; 0       ; 0         ; 79   ; 0            ; |BreadMakerTop                                        ; BreadMakerTop        ; work         ;
;    |Bin7SegDecoder:Bin7SegHEX4|             ; 7 (7)               ; 0 (0)                     ; 0           ; 0            ; 0       ; 0         ; 0    ; 0            ; |BreadMakerTop|Bin7SegDecoder:Bin7SegHEX4             ; Bin7SegDecoder       ; work         ;
;    |Bin7SegDecoder:Bin7SegHEX5|             ; 15 (15)             ; 0 (0)                     ; 0           ; 0            ; 0       ; 0         ; 0    ; 0            ; |BreadMakerTop|Bin7SegDecoder:Bin7SegHEX5             ; Bin7SegDecoder       ; work         ;
;    |Bin7SegDecoder:Bin7SegHEX6|             ; 16 (16)             ; 0 (0)                     ; 0           ; 0            ; 0       ; 0         ; 0    ; 0            ; |BreadMakerTop|Bin7SegDecoder:Bin7SegHEX6             ; Bin7SegDecoder       ; work         ;
;    |Bin7SegDecoder:Bin7SegHEX7|             ; 7 (7)               ; 0 (0)                     ; 0           ; 0            ; 0       ; 0         ; 0    ; 0            ; |BreadMakerTop|Bin7SegDecoder:Bin7SegHEX7             ; Bin7SegDecoder       ; work         ;
;    |BinToBCD:BinTOBCDTemporizador|          ; 21 (21)             ; 0 (0)                     ; 0           ; 0            ; 0       ; 0         ; 0    ; 0            ; |BreadMakerTop|BinToBCD:BinTOBCDTemporizador          ; BinToBCD             ; work         ;
;    |BinToBCD:BinTOBCDTimerAuxFSM|           ; 31 (31)             ; 0 (0)                     ; 0           ; 0            ; 0       ; 0         ; 0    ; 0            ; |BreadMakerTop|BinToBCD:BinTOBCDTimerAuxFSM           ; BinToBCD             ; work         ;
;    |BreadBakerFSM:BreadBakerFSM|            ; 29 (29)             ; 16 (16)                   ; 0           ; 0            ; 0       ; 0         ; 0    ; 0            ; |BreadMakerTop|BreadBakerFSM:BreadBakerFSM            ; BreadBakerFSM        ; work         ;
;    |ControlSystemUnit_v2:ControlSystemUnit| ; 21 (21)             ; 6 (6)                     ; 0           ; 0            ; 0       ; 0         ; 0    ; 0            ; |BreadMakerTop|ControlSystemUnit_v2:ControlSystemUnit ; ControlSystemUnit_v2 ; work         ;
;    |DE2_LCD_DISPLAY:LCD|                    ; 281 (281)           ; 59 (59)                   ; 0           ; 0            ; 0       ; 0         ; 0    ; 0            ; |BreadMakerTop|DE2_LCD_DISPLAY:LCD                    ; DE2_LCD_DISPLAY      ; work         ;
;    |Debouncer:debouncerKEY0|                ; 68 (68)             ; 26 (26)                   ; 0           ; 0            ; 0       ; 0         ; 0    ; 0            ; |BreadMakerTop|Debouncer:debouncerKEY0                ; Debouncer            ; work         ;
;    |Debouncer:debouncerKEY1|                ; 68 (68)             ; 26 (26)                   ; 0           ; 0            ; 0       ; 0         ; 0    ; 0            ; |BreadMakerTop|Debouncer:debouncerKEY1                ; Debouncer            ; work         ;
;    |Debouncer:debouncerKEY2|                ; 67 (67)             ; 26 (26)                   ; 0           ; 0            ; 0       ; 0         ; 0    ; 0            ; |BreadMakerTop|Debouncer:debouncerKEY2                ; Debouncer            ; work         ;
;    |Debouncer:debouncerKEY3|                ; 67 (67)             ; 26 (26)                   ; 0           ; 0            ; 0       ; 0         ; 0    ; 0            ; |BreadMakerTop|Debouncer:debouncerKEY3                ; Debouncer            ; work         ;
;    |FlipFlopD:Flipflop|                     ; 1 (1)               ; 1 (1)                     ; 0           ; 0            ; 0       ; 0         ; 0    ; 0            ; |BreadMakerTop|FlipFlopD:Flipflop                     ; FlipFlopD            ; work         ;
;    |Mux2_1:MuxforHEX5|                      ; 1 (1)               ; 0 (0)                     ; 0           ; 0            ; 0       ; 0         ; 0    ; 0            ; |BreadMakerTop|Mux2_1:MuxforHEX5                      ; Mux2_1               ; work         ;
;    |Mux3_1:MuxforHEX4|                      ; 31 (31)             ; 0 (0)                     ; 0           ; 0            ; 0       ; 0         ; 0    ; 0            ; |BreadMakerTop|Mux3_1:MuxforHEX4                      ; Mux3_1               ; work         ;
;    |PulseGenN:PulseGen1HZ|                  ; 43 (43)             ; 32 (32)                   ; 0           ; 0            ; 0       ; 0         ; 0    ; 0            ; |BreadMakerTop|PulseGenN:PulseGen1HZ                  ; PulseGenN            ; work         ;
;    |ROM_KxN_1P_V1:ROM_Time|                 ; 2 (2)               ; 0 (0)                     ; 0           ; 0            ; 0       ; 0         ; 0    ; 0            ; |BreadMakerTop|ROM_KxN_1P_V1:ROM_Time                 ; ROM_KxN_1P_V1        ; work         ;
;    |TimeExtra:TimeExtra|                    ; 11 (0)              ; 8 (0)                     ; 0           ; 0            ; 0       ; 0         ; 0    ; 0            ; |BreadMakerTop|TimeExtra:TimeExtra                    ; TimeExtra            ; work         ;
;       |Counter:Counter|                     ; 11 (11)             ; 8 (8)                     ; 0           ; 0            ; 0       ; 0         ; 0    ; 0            ; |BreadMakerTop|TimeExtra:TimeExtra|Counter:Counter    ; Counter              ; work         ;
;    |TimerAuxFSM:TimerAuxFSM|                ; 33 (33)             ; 9 (9)                     ; 0           ; 0            ; 0       ; 0         ; 0    ; 0            ; |BreadMakerTop|TimerAuxFSM:TimerAuxFSM                ; TimerAuxFSM          ; work         ;
;    |TimerN:Temporizador|                    ; 77 (77)             ; 33 (33)                   ; 0           ; 0            ; 0       ; 0         ; 0    ; 0            ; |BreadMakerTop|TimerN:Temporizador                    ; TimerN               ; work         ;
+---------------------------------------------+---------------------+---------------------------+-------------+--------------+---------+-----------+------+--------------+-------------------------------------------------------+----------------------+--------------+
Note: For table entries with two numbers listed, the numbers in parentheses indicate the number of resources of the given type used by the specific entity alone. The numbers listed outside of parentheses indicate the total resources of the given type used by the specific entity and all of its sub-entities in the hierarchy.


Encoding Type:  One-Hot
+----------------------------------------------------------------------------------------------------------------------------------------------------------------------------------------------------------------------------------------------------------------------------------------------------------------------------------------------------------+
; State Machine - |BreadMakerTop|DE2_LCD_DISPLAY:LCD|next_command                                                                                                                                                                                                                                                                                          ;
+----------------------------+----------------------------+--------------------------+---------------------+-------------------+---------------------+-------------------------+--------------------------+--------------------+---------------------------+-----------------------+-------------------------+-----------------------+---------------------+
; Name                       ; next_command.display_clear ; next_command.display_off ; next_command.reset3 ; next_command.hold ; next_command.reset1 ; next_command.drop_lcd_e ; next_command.return_home ; next_command.line2 ; next_command.print_string ; next_command.mode_set ; next_command.display_on ; next_command.func_set ; next_command.reset2 ;
+----------------------------+----------------------------+--------------------------+---------------------+-------------------+---------------------+-------------------------+--------------------------+--------------------+---------------------------+-----------------------+-------------------------+-----------------------+---------------------+
; next_command.reset2        ; 0                          ; 0                        ; 0                   ; 0                 ; 0                   ; 0                       ; 0                        ; 0                  ; 0                         ; 0                     ; 0                       ; 0                     ; 0                   ;
; next_command.func_set      ; 0                          ; 0                        ; 0                   ; 0                 ; 0                   ; 0                       ; 0                        ; 0                  ; 0                         ; 0                     ; 0                       ; 1                     ; 1                   ;
; next_command.display_on    ; 0                          ; 0                        ; 0                   ; 0                 ; 0                   ; 0                       ; 0                        ; 0                  ; 0                         ; 0                     ; 1                       ; 0                     ; 1                   ;
; next_command.mode_set      ; 0                          ; 0                        ; 0                   ; 0                 ; 0                   ; 0                       ; 0                        ; 0                  ; 0                         ; 1                     ; 0                       ; 0                     ; 1                   ;
; next_command.print_string  ; 0                          ; 0                        ; 0                   ; 0                 ; 0                   ; 0                       ; 0                        ; 0                  ; 1                         ; 0                     ; 0                       ; 0                     ; 1                   ;
; next_command.line2         ; 0                          ; 0                        ; 0                   ; 0                 ; 0                   ; 0                       ; 0                        ; 1                  ; 0                         ; 0                     ; 0                       ; 0                     ; 1                   ;
; next_command.return_home   ; 0                          ; 0                        ; 0                   ; 0                 ; 0                   ; 0                       ; 1                        ; 0                  ; 0                         ; 0                     ; 0                       ; 0                     ; 1                   ;
; next_command.drop_lcd_e    ; 0                          ; 0                        ; 0                   ; 0                 ; 0                   ; 1                       ; 0                        ; 0                  ; 0                         ; 0                     ; 0                       ; 0                     ; 1                   ;
; next_command.reset1        ; 0                          ; 0                        ; 0                   ; 0                 ; 1                   ; 0                       ; 0                        ; 0                  ; 0                         ; 0                     ; 0                       ; 0                     ; 1                   ;
; next_command.hold          ; 0                          ; 0                        ; 0                   ; 1                 ; 0                   ; 0                       ; 0                        ; 0                  ; 0                         ; 0                     ; 0                       ; 0                     ; 1                   ;
; next_command.reset3        ; 0                          ; 0                        ; 1                   ; 0                 ; 0                   ; 0                       ; 0                        ; 0                  ; 0                         ; 0                     ; 0                       ; 0                     ; 1                   ;
; next_command.display_off   ; 0                          ; 1                        ; 0                   ; 0                 ; 0                   ; 0                       ; 0                        ; 0                  ; 0                         ; 0                     ; 0                       ; 0                     ; 1                   ;
; next_command.display_clear ; 1                          ; 0                        ; 0                   ; 0                 ; 0                   ; 0                       ; 0                        ; 0                  ; 0                         ; 0                     ; 0                       ; 0                     ; 1                   ;
+----------------------------+----------------------------+--------------------------+---------------------+-------------------+---------------------+-------------------------+--------------------------+--------------------+---------------------------+-----------------------+-------------------------+-----------------------+---------------------+


Encoding Type:  One-Hot
+--------------------------------------------------------------------------------------------------------------------------------------------------------------------------------------------------------------------------------------------------------+
; State Machine - |BreadMakerTop|DE2_LCD_DISPLAY:LCD|state                                                                                                                                                                                               ;
+---------------------+---------------------+-------------------+--------------+--------------+------------+------------------+-------------------+-------------+--------------------+----------------+------------------+----------------+--------------+
; Name                ; state.display_clear ; state.display_off ; state.reset3 ; state.reset2 ; state.hold ; state.drop_lcd_e ; state.return_home ; state.line2 ; state.print_string ; state.mode_set ; state.display_on ; state.func_set ; state.reset1 ;
+---------------------+---------------------+-------------------+--------------+--------------+------------+------------------+-------------------+-------------+--------------------+----------------+------------------+----------------+--------------+
; state.reset1        ; 0                   ; 0                 ; 0            ; 0            ; 0          ; 0                ; 0                 ; 0           ; 0                  ; 0              ; 0                ; 0              ; 0            ;
; state.func_set      ; 0                   ; 0                 ; 0            ; 0            ; 0          ; 0                ; 0                 ; 0           ; 0                  ; 0              ; 0                ; 1              ; 1            ;
; state.display_on    ; 0                   ; 0                 ; 0            ; 0            ; 0          ; 0                ; 0                 ; 0           ; 0                  ; 0              ; 1                ; 0              ; 1            ;
; state.mode_set      ; 0                   ; 0                 ; 0            ; 0            ; 0          ; 0                ; 0                 ; 0           ; 0                  ; 1              ; 0                ; 0              ; 1            ;
; state.print_string  ; 0                   ; 0                 ; 0            ; 0            ; 0          ; 0                ; 0                 ; 0           ; 1                  ; 0              ; 0                ; 0              ; 1            ;
; state.line2         ; 0                   ; 0                 ; 0            ; 0            ; 0          ; 0                ; 0                 ; 1           ; 0                  ; 0              ; 0                ; 0              ; 1            ;
; state.return_home   ; 0                   ; 0                 ; 0            ; 0            ; 0          ; 0                ; 1                 ; 0           ; 0                  ; 0              ; 0                ; 0              ; 1            ;
; state.drop_lcd_e    ; 0                   ; 0                 ; 0            ; 0            ; 0          ; 1                ; 0                 ; 0           ; 0                  ; 0              ; 0                ; 0              ; 1            ;
; state.hold          ; 0                   ; 0                 ; 0            ; 0            ; 1          ; 0                ; 0                 ; 0           ; 0                  ; 0              ; 0                ; 0              ; 1            ;
; state.reset2        ; 0                   ; 0                 ; 0            ; 1            ; 0          ; 0                ; 0                 ; 0           ; 0                  ; 0              ; 0                ; 0              ; 1            ;
; state.reset3        ; 0                   ; 0                 ; 1            ; 0            ; 0          ; 0                ; 0                 ; 0           ; 0                  ; 0              ; 0                ; 0              ; 1            ;
; state.display_off   ; 0                   ; 1                 ; 0            ; 0            ; 0          ; 0                ; 0                 ; 0           ; 0                  ; 0              ; 0                ; 0              ; 1            ;
; state.display_clear ; 1                   ; 0                 ; 0            ; 0            ; 0          ; 0                ; 0                 ; 0           ; 0                  ; 0              ; 0                ; 0              ; 1            ;
+---------------------+---------------------+-------------------+--------------+--------------+------------+------------------+-------------------+-------------+--------------------+----------------+------------------+----------------+--------------+


Encoding Type:  One-Hot
+--------------------------------------------------------------------------------------------------------------------------------------------------------------------------+
; State Machine - |BreadMakerTop|BreadBakerFSM:BreadBakerFSM|s_currentState                                                                                                ;
+-------------------------+-----------------------+---------------------+-----------------------+-------------------------+-------------------------+----------------------+
; Name                    ; s_currentState.TExtra ; s_currentState.TFim ; s_currentState.TCozer ; s_currentState.TLevedar ; s_currentState.TAmassar ; s_currentState.TInit ;
+-------------------------+-----------------------+---------------------+-----------------------+-------------------------+-------------------------+----------------------+
; s_currentState.TInit    ; 0                     ; 0                   ; 0                     ; 0                       ; 0                       ; 0                    ;
; s_currentState.TAmassar ; 0                     ; 0                   ; 0                     ; 0                       ; 1                       ; 1                    ;
; s_currentState.TLevedar ; 0                     ; 0                   ; 0                     ; 1                       ; 0                       ; 1                    ;
; s_currentState.TCozer   ; 0                     ; 0                   ; 1                     ; 0                       ; 0                       ; 1                    ;
; s_currentState.TFim     ; 0                     ; 1                   ; 0                     ; 0                       ; 0                       ; 1                    ;
; s_currentState.TExtra   ; 1                     ; 0                   ; 0                     ; 0                       ; 0                       ; 1                    ;
+-------------------------+-----------------------+---------------------+-----------------------+-------------------------+-------------------------+----------------------+


Encoding Type:  One-Hot
+-----------------------------------------------------------------------------------------------------------------------------------+
; State Machine - |BreadMakerTop|ControlSystemUnit_v2:ControlSystemUnit|pState                                                      ;
+--------------------+--------------+-------------+-----------------+--------------------+--------------+-------------+-------------+
; Name               ; pState.Extra ; pState.Stop ; pState.StartPrg ; pState.TimeProcess ; pState.Timer ; pState.Menu ; pState.Init ;
+--------------------+--------------+-------------+-----------------+--------------------+--------------+-------------+-------------+
; pState.Init        ; 0            ; 0           ; 0               ; 0                  ; 0            ; 0           ; 0           ;
; pState.Menu        ; 0            ; 0           ; 0               ; 0                  ; 0            ; 1           ; 1           ;
; pState.Timer       ; 0            ; 0           ; 0               ; 0                  ; 1            ; 0           ; 1           ;
; pState.TimeProcess ; 0            ; 0           ; 0               ; 1                  ; 0            ; 0           ; 1           ;
; pState.StartPrg    ; 0            ; 0           ; 1               ; 0                  ; 0            ; 0           ; 1           ;
; pState.Stop        ; 0            ; 1           ; 0               ; 0                  ; 0            ; 0           ; 1           ;
; pState.Extra       ; 1            ; 0           ; 0               ; 0                  ; 0            ; 0           ; 1           ;
+--------------------+--------------+-------------+-----------------+--------------------+--------------+-------------+-------------+


+--------------------------------------------------------------------------------------------------------------+
; Registers Removed During Synthesis                                                                           ;
+----------------------------------------------------+---------------------------------------------------------+
; Register name                                      ; Reason for Removal                                      ;
+----------------------------------------------------+---------------------------------------------------------+
; DE2_LCD_DISPLAY:LCD|lcd_on                         ; Stuck at VCC due to stuck port data_in                  ;
; DE2_LCD_DISPLAY:LCD|lcd_rw_int                     ; Stuck at GND due to stuck port data_in                  ;
; DE2_LCD_DISPLAY:LCD|lcd_blon                       ; Stuck at VCC due to stuck port data_in                  ;
; DE2_LCD_DISPLAY:LCD|next_command.hold              ; Merged with DE2_LCD_DISPLAY:LCD|next_command.drop_lcd_e ;
; DE2_LCD_DISPLAY:LCD|next_command.reset1            ; Merged with DE2_LCD_DISPLAY:LCD|next_command.drop_lcd_e ;
; DE2_LCD_DISPLAY:LCD|next_command.drop_lcd_e        ; Stuck at GND due to stuck port data_in                  ;
; ControlSystemUnit_v2:ControlSystemUnit|pState.Stop ; Lost fanout                                             ;
; Total Number of Removed Registers = 7              ;                                                         ;
+----------------------------------------------------+---------------------------------------------------------+


+------------------------------------------------------+
; General Register Statistics                          ;
+----------------------------------------------+-------+
; Statistic                                    ; Value ;
+----------------------------------------------+-------+
; Total registers                              ; 268   ;
; Number of registers using Synchronous Clear  ; 70    ;
; Number of registers using Synchronous Load   ; 5     ;
; Number of registers using Asynchronous Clear ; 33    ;
; Number of registers using Asynchronous Load  ; 0     ;
; Number of registers using Clock Enable       ; 166   ;
; Number of registers using Preset             ; 0     ;
+----------------------------------------------+-------+


+------------------------------------------------------+
; Inverted Register Statistics                         ;
+--------------------------------------------+---------+
; Inverted Register                          ; Fan out ;
+--------------------------------------------+---------+
; DE2_LCD_DISPLAY:LCD|lcd_e                  ; 2       ;
; BreadBakerFSM:BreadBakerFSM|s_stateChanged ; 1       ;
; DE2_LCD_DISPLAY:LCD|data_bus_value[3]      ; 2       ;
; DE2_LCD_DISPLAY:LCD|data_bus_value[4]      ; 1       ;
; DE2_LCD_DISPLAY:LCD|data_bus_value[5]      ; 1       ;
; Total number of inverted registers = 5     ;         ;
+--------------------------------------------+---------+


+-----------------------------------------------------------------------------------------------------------------------------------------------------------------------------+
; Multiplexer Restructuring Statistics (Restructuring Performed)                                                                                                              ;
+--------------------+-----------+---------------+----------------------+------------------------+------------+---------------------------------------------------------------+
; Multiplexer Inputs ; Bus Width ; Baseline Area ; Area if Restructured ; Saving if Restructured ; Registered ; Example Multiplexer Output                                    ;
+--------------------+-----------+---------------+----------------------+------------------------+------------+---------------------------------------------------------------+
; 3:1                ; 31 bits   ; 62 LEs        ; 31 LEs               ; 31 LEs                 ; Yes        ; |BreadMakerTop|PulseGenN:PulseGen1HZ|s_counter[18]            ;
; 3:1                ; 20 bits   ; 40 LEs        ; 20 LEs               ; 20 LEs                 ; Yes        ; |BreadMakerTop|DE2_LCD_DISPLAY:LCD|clk_count_400hz[0]         ;
; 4:1                ; 8 bits    ; 16 LEs        ; 8 LEs                ; 8 LEs                  ; Yes        ; |BreadMakerTop|TimeExtra:TimeExtra|Counter:Counter|s_count[3] ;
; 4:1                ; 8 bits    ; 16 LEs        ; 16 LEs               ; 0 LEs                  ; Yes        ; |BreadMakerTop|TimerAuxFSM:TimerAuxFSM|s_count[3]             ;
; 5:1                ; 23 bits   ; 69 LEs        ; 46 LEs               ; 23 LEs                 ; Yes        ; |BreadMakerTop|Debouncer:debouncerKEY0|s_debounceCnt[11]      ;
; 5:1                ; 23 bits   ; 69 LEs        ; 46 LEs               ; 23 LEs                 ; Yes        ; |BreadMakerTop|Debouncer:debouncerKEY2|s_debounceCnt[0]       ;
; 5:1                ; 23 bits   ; 69 LEs        ; 46 LEs               ; 23 LEs                 ; Yes        ; |BreadMakerTop|Debouncer:debouncerKEY1|s_debounceCnt[10]      ;
; 5:1                ; 23 bits   ; 69 LEs        ; 46 LEs               ; 23 LEs                 ; Yes        ; |BreadMakerTop|Debouncer:debouncerKEY3|s_debounceCnt[9]       ;
; 6:1                ; 32 bits   ; 128 LEs       ; 64 LEs               ; 64 LEs                 ; Yes        ; |BreadMakerTop|TimerN:Temporizador|s_count[20]                ;
; 5:1                ; 2 bits    ; 6 LEs         ; 6 LEs                ; 0 LEs                  ; Yes        ; |BreadMakerTop|DE2_LCD_DISPLAY:LCD|data_bus_value[4]          ;
; 3:1                ; 11 bits   ; 22 LEs        ; 22 LEs               ; 0 LEs                  ; No         ; |BreadMakerTop|DE2_LCD_DISPLAY:LCD|state                      ;
; 3:1                ; 2 bits    ; 4 LEs         ; 2 LEs                ; 2 LEs                  ; No         ; |BreadMakerTop|Bin7SegDecoder:Bin7SegHEX5|decOut_n            ;
; 4:1                ; 3 bits    ; 6 LEs         ; 6 LEs                ; 0 LEs                  ; No         ; |BreadMakerTop|BreadBakerFSM:BreadBakerFSM|addr[3]            ;
; 9:1                ; 2 bits    ; 12 LEs        ; 8 LEs                ; 4 LEs                  ; No         ; |BreadMakerTop|Bin7SegDecoder:Bin7SegHEX7|decOut_n[1]         ;
; 5:1                ; 2 bits    ; 6 LEs         ; 6 LEs                ; 0 LEs                  ; No         ; |BreadMakerTop|BinToBCD:BinTOBCDTemporizador|outBCD_2         ;
; 32:1               ; 2 bits    ; 42 LEs        ; 12 LEs               ; 30 LEs                 ; No         ; |BreadMakerTop|DE2_LCD_DISPLAY:LCD|Mux66                      ;
; 6:1                ; 2 bits    ; 8 LEs         ; 8 LEs                ; 0 LEs                  ; No         ; |BreadMakerTop|BinToBCD:BinTOBCDTimerAuxFSM|outBCD_2[0]       ;
; 7:1                ; 4 bits    ; 16 LEs        ; 16 LEs               ; 0 LEs                  ; No         ; |BreadMakerTop|BinToBCD:BinTOBCDTimerAuxFSM|outBCD[0]         ;
; 10:1               ; 4 bits    ; 24 LEs        ; 20 LEs               ; 4 LEs                  ; No         ; |BreadMakerTop|Mux3_1:MuxforHEX4|Mux0                         ;
; 11:1               ; 4 bits    ; 28 LEs        ; 20 LEs               ; 8 LEs                  ; No         ; |BreadMakerTop|ControlSystemUnit_v2:ControlSystemUnit|pState  ;
; 13:1               ; 2 bits    ; 16 LEs        ; 8 LEs                ; 8 LEs                  ; No         ; |BreadMakerTop|ControlSystemUnit_v2:ControlSystemUnit|pState  ;
+--------------------+-----------+---------------+----------------------+------------------------+------------+---------------------------------------------------------------+


+----------------------------------------------------------------------+
; Parameter Settings for User Entity Instance: Debouncer:debouncerKEY0 ;
+----------------+-------+---------------------------------------------+
; Parameter Name ; Value ; Type                                        ;
+----------------+-------+---------------------------------------------+
; khzclkfreq     ; 50000 ; Signed Integer                              ;
; msecmininwidth ; 100   ; Signed Integer                              ;
; inpolarity     ; '0'   ; Enumerated                                  ;
; outpolarity    ; '1'   ; Enumerated                                  ;
+----------------+-------+---------------------------------------------+
Note: In order to hide this table in the UI and the text report file, please set the "Show Parameter Settings in Synthesis Report" option in "Analysis and Synthesis Settings -> More Settings" to "Off".


+----------------------------------------------------------------------+
; Parameter Settings for User Entity Instance: Debouncer:debouncerKEY1 ;
+----------------+-------+---------------------------------------------+
; Parameter Name ; Value ; Type                                        ;
+----------------+-------+---------------------------------------------+
; khzclkfreq     ; 50000 ; Signed Integer                              ;
; msecmininwidth ; 100   ; Signed Integer                              ;
; inpolarity     ; '0'   ; Enumerated                                  ;
; outpolarity    ; '1'   ; Enumerated                                  ;
+----------------+-------+---------------------------------------------+
Note: In order to hide this table in the UI and the text report file, please set the "Show Parameter Settings in Synthesis Report" option in "Analysis and Synthesis Settings -> More Settings" to "Off".


+----------------------------------------------------------------------+
; Parameter Settings for User Entity Instance: Debouncer:debouncerKEY2 ;
+----------------+-------+---------------------------------------------+
; Parameter Name ; Value ; Type                                        ;
+----------------+-------+---------------------------------------------+
; khzclkfreq     ; 50000 ; Signed Integer                              ;
; msecmininwidth ; 100   ; Signed Integer                              ;
; inpolarity     ; '0'   ; Enumerated                                  ;
; outpolarity    ; '1'   ; Enumerated                                  ;
+----------------+-------+---------------------------------------------+
Note: In order to hide this table in the UI and the text report file, please set the "Show Parameter Settings in Synthesis Report" option in "Analysis and Synthesis Settings -> More Settings" to "Off".


+----------------------------------------------------------------------+
; Parameter Settings for User Entity Instance: Debouncer:debouncerKEY3 ;
+----------------+-------+---------------------------------------------+
; Parameter Name ; Value ; Type                                        ;
+----------------+-------+---------------------------------------------+
; khzclkfreq     ; 50000 ; Signed Integer                              ;
; msecmininwidth ; 100   ; Signed Integer                              ;
; inpolarity     ; '0'   ; Enumerated                                  ;
; outpolarity    ; '1'   ; Enumerated                                  ;
+----------------+-------+---------------------------------------------+
Note: In order to hide this table in the UI and the text report file, please set the "Show Parameter Settings in Synthesis Report" option in "Analysis and Synthesis Settings -> More Settings" to "Off".


+--------------------------------------------------------------------+
; Parameter Settings for User Entity Instance: PulseGenN:PulseGen1HZ ;
+----------------+----------+----------------------------------------+
; Parameter Name ; Value    ; Type                                   ;
+----------------+----------+----------------------------------------+
; n              ; 50000000 ; Signed Integer                         ;
+----------------+----------+----------------------------------------+
Note: In order to hide this table in the UI and the text report file, please set the "Show Parameter Settings in Synthesis Report" option in "Analysis and Synthesis Settings -> More Settings" to "Off".


+------------------------------------------------------------------+
; Parameter Settings for User Entity Instance: TimerN:Temporizador ;
+----------------+-------+-----------------------------------------+
; Parameter Name ; Value ; Type                                    ;
+----------------+-------+-----------------------------------------+
; n              ; 30    ; Signed Integer                          ;
+----------------+-------+-----------------------------------------+
Note: In order to hide this table in the UI and the text report file, please set the "Show Parameter Settings in Synthesis Report" option in "Analysis and Synthesis Settings -> More Settings" to "Off".


+----------------------------------------------------------------+
; Parameter Settings for User Entity Instance: Mux2_1:MuxforHEX5 ;
+----------------+-------+---------------------------------------+
; Parameter Name ; Value ; Type                                  ;
+----------------+-------+---------------------------------------+
; n              ; 4     ; Signed Integer                        ;
+----------------+-------+---------------------------------------+
Note: In order to hide this table in the UI and the text report file, please set the "Show Parameter Settings in Synthesis Report" option in "Analysis and Synthesis Settings -> More Settings" to "Off".


+---------------------------------------------------------------------+
; Parameter Settings for User Entity Instance: ROM_KxN_1P_V1:ROM_Time ;
+----------------+-------+--------------------------------------------+
; Parameter Name ; Value ; Type                                       ;
+----------------+-------+--------------------------------------------+
; k              ; 4     ; Signed Integer                             ;
; n              ; 8     ; Signed Integer                             ;
+----------------+-------+--------------------------------------------+
Note: In order to hide this table in the UI and the text report file, please set the "Show Parameter Settings in Synthesis Report" option in "Analysis and Synthesis Settings -> More Settings" to "Off".


+----------------------------------------------------------------------+
; Parameter Settings for User Entity Instance: TimerAuxFSM:TimerAuxFSM ;
+----------------+-------+---------------------------------------------+
; Parameter Name ; Value ; Type                                        ;
+----------------+-------+---------------------------------------------+
; n              ; 8     ; Signed Integer                              ;
+----------------+-------+---------------------------------------------+
Note: In order to hide this table in the UI and the text report file, please set the "Show Parameter Settings in Synthesis Report" option in "Analysis and Synthesis Settings -> More Settings" to "Off".


+-------------------------------------------------------------------------+
; Parameter Settings for User Entity Instance: ROM_KxN_1P_V2:ROM_Messages ;
+----------------+-------+------------------------------------------------+
; Parameter Name ; Value ; Type                                           ;
+----------------+-------+------------------------------------------------+
; k              ; 1     ; Signed Integer                                 ;
; n              ; 16    ; Signed Integer                                 ;
+----------------+-------+------------------------------------------------+
Note: In order to hide this table in the UI and the text report file, please set the "Show Parameter Settings in Synthesis Report" option in "Analysis and Synthesis Settings -> More Settings" to "Off".


+------------------------------------------------------------------+
; Parameter Settings for User Entity Instance: DE2_LCD_DISPLAY:LCD ;
+----------------+-------+-----------------------------------------+
; Parameter Name ; Value ; Type                                    ;
+----------------+-------+-----------------------------------------+
; num_hex_digits ; 2     ; Signed Integer                          ;
+----------------+-------+-----------------------------------------+
Note: In order to hide this table in the UI and the text report file, please set the "Show Parameter Settings in Synthesis Report" option in "Analysis and Synthesis Settings -> More Settings" to "Off".


+--------------------------------------------------------+
; Port Connectivity Checks: "Bin7SegDecoder:Bin7SegHEX4" ;
+--------+-------+----------+----------------------------+
; Port   ; Type  ; Severity ; Details                    ;
+--------+-------+----------+----------------------------+
; enable ; Input ; Info     ; Stuck at VCC               ;
+--------+-------+----------+----------------------------+


+--------------------------------------------------------+
; Port Connectivity Checks: "Bin7SegDecoder:Bin7SegHEX3" ;
+--------+-------+----------+----------------------------+
; Port   ; Type  ; Severity ; Details                    ;
+--------+-------+----------+----------------------------+
; enable ; Input ; Info     ; Stuck at VCC               ;
+--------+-------+----------+----------------------------+


+--------------------------------------------------------+
; Port Connectivity Checks: "Bin7SegDecoder:Bin7SegHEX2" ;
+--------+-------+----------+----------------------------+
; Port   ; Type  ; Severity ; Details                    ;
+--------+-------+----------+----------------------------+
; enable ; Input ; Info     ; Stuck at VCC               ;
+--------+-------+----------+----------------------------+


+--------------------------------------------------------+
; Port Connectivity Checks: "Bin7SegDecoder:Bin7SegHEX1" ;
+--------+-------+----------+----------------------------+
; Port   ; Type  ; Severity ; Details                    ;
+--------+-------+----------+----------------------------+
; enable ; Input ; Info     ; Stuck at VCC               ;
+--------+-------+----------+----------------------------+


+--------------------------------------------------------+
; Port Connectivity Checks: "Bin7SegDecoder:Bin7SegHEX0" ;
+--------+-------+----------+----------------------------+
; Port   ; Type  ; Severity ; Details                    ;
+--------+-------+----------+----------------------------+
; enable ; Input ; Info     ; Stuck at VCC               ;
+--------+-------+----------+----------------------------+


+-----------------------------------------------+
; Port Connectivity Checks: "Mux2_1:MuxforHEX5" ;
+--------+-------+----------+-------------------+
; Port   ; Type  ; Severity ; Details           ;
+--------+-------+----------+-------------------+
; input0 ; Input ; Info     ; Stuck at VCC      ;
+--------+-------+----------+-------------------+


+-----------------------------------------------+
; Port Connectivity Checks: "Mux3_1:MuxforHEX4" ;
+---------+-------+----------+------------------+
; Port    ; Type  ; Severity ; Details          ;
+---------+-------+----------+------------------+
; datain3 ; Input ; Info     ; Stuck at VCC     ;
+---------+-------+----------+------------------+


+-----------------------------------------------------------------+
; Port Connectivity Checks: "TimeExtra:TimeExtra|Counter:Counter" ;
+--------+-------+----------+-------------------------------------+
; Port   ; Type  ; Severity ; Details                             ;
+--------+-------+----------+-------------------------------------+
; datain ; Input ; Info     ; Stuck at GND                        ;
+--------+-------+----------+-------------------------------------+


+-----------------------------------------------------+
; Post-Synthesis Netlist Statistics for Top Partition ;
+-----------------------+-----------------------------+
; Type                  ; Count                       ;
+-----------------------+-----------------------------+
; boundary_port         ; 79                          ;
; cycloneiii_ff         ; 268                         ;
;     CLR               ; 1                           ;
;     ENA               ; 113                         ;
;     ENA CLR           ; 32                          ;
;     ENA SCLR          ; 16                          ;
;     ENA SLD           ; 5                           ;
;     SCLR              ; 54                          ;
;     plain             ; 47                          ;
; cycloneiii_io_obuf    ; 8                           ;
; cycloneiii_lcell_comb ; 909                         ;
;     arith             ; 186                         ;
;         2 data inputs ; 185                         ;
;         3 data inputs ; 1                           ;
;     normal            ; 723                         ;
;         0 data inputs ; 2                           ;
;         1 data inputs ; 21                          ;
;         2 data inputs ; 113                         ;
;         3 data inputs ; 147                         ;
;         4 data inputs ; 440                         ;
;                       ;                             ;
; Max LUT depth         ; 11.00                       ;
; Average LUT depth     ; 5.17                        ;
+-----------------------+-----------------------------+


+-------------------------------+
; Elapsed Time Per Partition    ;
+----------------+--------------+
; Partition Name ; Elapsed Time ;
+----------------+--------------+
; Top            ; 00:00:04     ;
+----------------+--------------+


+-------------------------------+
; Analysis & Synthesis Messages ;
+-------------------------------+
Info: *******************************************************************
Info: Running Quartus Prime Analysis & Synthesis
    Info: Version 20.1.1 Build 720 11/11/2020 SJ Lite Edition
    Info: Processing started: Mon May 29 12:17:31 2023
Info: Command: quartus_map --read_settings_files=on --write_settings_files=off BreadMaker -c BreadMaker
Warning (18236): Number of processors has not been specified which may cause overloading on shared machines.  Set the global assignment NUM_PARALLEL_PROCESSORS in your QSF to an appropriate value for best performance.
Info (20030): Parallel compilation is enabled and will use 8 of the 8 processors detected
Info (12021): Found 2 design units, including 1 entities, in source file breadmakertop.vhd
    Info (12022): Found design unit 1: BreadMakerTop-Shell File: C:/Users/Olga/Downloads/Fase 3_v2_Final/BreadMakerTop.vhd Line: 28
    Info (12023): Found entity 1: BreadMakerTop File: C:/Users/Olga/Downloads/Fase 3_v2_Final/BreadMakerTop.vhd Line: 5
Info (12021): Found 1 design units, including 1 entities, in source file breadmaker.bdf
    Info (12023): Found entity 1: BreadMaker
Info (12021): Found 2 design units, including 1 entities, in source file logic_blocks/debouncer.vhd
    Info (12022): Found design unit 1: Debouncer-Behavioral File: C:/Users/Olga/Downloads/Fase 3_v2_Final/Logic_Blocks/Debouncer.vhd Line: 20
    Info (12023): Found entity 1: Debouncer File: C:/Users/Olga/Downloads/Fase 3_v2_Final/Logic_Blocks/Debouncer.vhd Line: 6
Info (12021): Found 2 design units, including 1 entities, in source file logic_blocks/flipflopd.vhd
    Info (12022): Found design unit 1: FlipFlopD-Behavioral File: C:/Users/Olga/Downloads/Fase 3_v2_Final/Logic_Blocks/FlipFlopD.vhd Line: 17
    Info (12023): Found entity 1: FlipFlopD File: C:/Users/Olga/Downloads/Fase 3_v2_Final/Logic_Blocks/FlipFlopD.vhd Line: 6
Info (12021): Found 2 design units, including 1 entities, in source file logic_blocks/controlsystemunit_v2.vhd
    Info (12022): Found design unit 1: ControlSystemUnit_v2-BEHAVIOR File: C:/Users/Olga/Downloads/Fase 3_v2_Final/Logic_Blocks/ControlSystemUnit_v2.vhd Line: 44
    Info (12023): Found entity 1: ControlSystemUnit_v2 File: C:/Users/Olga/Downloads/Fase 3_v2_Final/Logic_Blocks/ControlSystemUnit_v2.vhd Line: 24
Info (12021): Found 2 design units, including 1 entities, in source file logic_blocks/pulsegenn.vhd
    Info (12022): Found design unit 1: PulseGenN-Behavioral File: C:/Users/Olga/Downloads/Fase 3_v2_Final/Logic_Blocks/PulseGenN.vhd Line: 17
    Info (12023): Found entity 1: PulseGenN File: C:/Users/Olga/Downloads/Fase 3_v2_Final/Logic_Blocks/PulseGenN.vhd Line: 7
Info (12021): Found 2 design units, including 1 entities, in source file logic_blocks/timern.vhd
    Info (12022): Found design unit 1: TimerN-Behavioral File: C:/Users/Olga/Downloads/Fase 3_v2_Final/Logic_Blocks/TimerN.vhd Line: 23
    Info (12023): Found entity 1: TimerN File: C:/Users/Olga/Downloads/Fase 3_v2_Final/Logic_Blocks/TimerN.vhd Line: 7
Info (12021): Found 2 design units, including 1 entities, in source file logic_blocks/timeextra.vhd
    Info (12022): Found design unit 1: TimeExtra-Structural File: C:/Users/Olga/Downloads/Fase 3_v2_Final/Logic_Blocks/TimeExtra.vhd Line: 19
    Info (12023): Found entity 1: TimeExtra File: C:/Users/Olga/Downloads/Fase 3_v2_Final/Logic_Blocks/TimeExtra.vhd Line: 7
Info (12021): Found 2 design units, including 1 entities, in source file logic_blocks/counter.vhd
    Info (12022): Found design unit 1: Counter-Behavioral File: C:/Users/Olga/Downloads/Fase 3_v2_Final/Logic_Blocks/Counter.vhd Line: 21
    Info (12023): Found entity 1: Counter File: C:/Users/Olga/Downloads/Fase 3_v2_Final/Logic_Blocks/Counter.vhd Line: 7
Info (12021): Found 2 design units, including 1 entities, in source file logic_blocks/mux3_1.vhd
    Info (12022): Found design unit 1: Mux3_1-Behavioral File: C:/Users/Olga/Downloads/Fase 3_v2_Final/Logic_Blocks/Mux3_1.vhd Line: 18
    Info (12023): Found entity 1: Mux3_1 File: C:/Users/Olga/Downloads/Fase 3_v2_Final/Logic_Blocks/Mux3_1.vhd Line: 6
Info (12021): Found 2 design units, including 1 entities, in source file logic_blocks/mux2_1.vhd
    Info (12022): Found design unit 1: Mux2_1-BehavAssign File: C:/Users/Olga/Downloads/Fase 3_v2_Final/Logic_Blocks/Mux2_1.vhd Line: 18
    Info (12023): Found entity 1: Mux2_1 File: C:/Users/Olga/Downloads/Fase 3_v2_Final/Logic_Blocks/Mux2_1.vhd Line: 6
Info (12021): Found 2 design units, including 1 entities, in source file logic_blocks/breadbakerfsm.vhd
    Info (12022): Found design unit 1: BreadBakerFSM-Behavioral File: C:/Users/Olga/Downloads/Fase 3_v2_Final/Logic_Blocks/BreadBakerFSM.vhd Line: 31
    Info (12023): Found entity 1: BreadBakerFSM File: C:/Users/Olga/Downloads/Fase 3_v2_Final/Logic_Blocks/BreadBakerFSM.vhd Line: 5
Info (12021): Found 2 design units, including 1 entities, in source file logic_blocks/timerauxfsm.vhd
    Info (12022): Found design unit 1: TimerAuxFSM-Behavioral File: C:/Users/Olga/Downloads/Fase 3_v2_Final/Logic_Blocks/TimerAuxFSM.vhd Line: 22
    Info (12023): Found entity 1: TimerAuxFSM File: C:/Users/Olga/Downloads/Fase 3_v2_Final/Logic_Blocks/TimerAuxFSM.vhd Line: 7
Info (12021): Found 2 design units, including 1 entities, in source file logic_blocks/rom_kxn_1p_v1.vhd
    Info (12022): Found design unit 1: ROM_KxN_1P_V1-Behaviour File: C:/Users/Olga/Downloads/Fase 3_v2_Final/Logic_Blocks/ROM_KxN_1P_V1.vhd Line: 20
    Info (12023): Found entity 1: ROM_KxN_1P_V1 File: C:/Users/Olga/Downloads/Fase 3_v2_Final/Logic_Blocks/ROM_KxN_1P_V1.vhd Line: 7
Info (12021): Found 2 design units, including 1 entities, in source file logic_blocks/rom_kxn_1p_v2.vhd
    Info (12022): Found design unit 1: ROM_KxN_1P_V2-Behaviour File: C:/Users/Olga/Downloads/Fase 3_v2_Final/Logic_Blocks/ROM_KxN_1P_V2.vhd Line: 19
    Info (12023): Found entity 1: ROM_KxN_1P_V2 File: C:/Users/Olga/Downloads/Fase 3_v2_Final/Logic_Blocks/ROM_KxN_1P_V2.vhd Line: 7
Info (12021): Found 2 design units, including 1 entities, in source file logic_blocks/de2_lcd_display.vhd
    Info (12022): Found design unit 1: DE2_LCD_DISPLAY-DE2_LCD_DISPLAY_arch File: C:/Users/Olga/Downloads/Fase 3_v2_Final/Logic_Blocks/DE2_LCD_DISPLAY.vhd Line: 47
    Info (12023): Found entity 1: DE2_LCD_DISPLAY File: C:/Users/Olga/Downloads/Fase 3_v2_Final/Logic_Blocks/DE2_LCD_DISPLAY.vhd Line: 21
Info (12021): Found 2 design units, including 1 entities, in source file logic_blocks/bintobcd.vhd
    Info (12022): Found design unit 1: BinToBCD-Behavioral File: C:/Users/Olga/Downloads/Fase 3_v2_Final/Logic_Blocks/BinToBCD.vhd Line: 17
    Info (12023): Found entity 1: BinToBCD File: C:/Users/Olga/Downloads/Fase 3_v2_Final/Logic_Blocks/BinToBCD.vhd Line: 7
Info (12021): Found 2 design units, including 1 entities, in source file logic_blocks/bin7segdecoder.vhd
    Info (12022): Found design unit 1: Bin7SegDecoder-Behavioral File: C:/Users/Olga/Downloads/Fase 3_v2_Final/Logic_Blocks/Bin7SegDecoder.vhd Line: 15
    Info (12023): Found entity 1: Bin7SegDecoder File: C:/Users/Olga/Downloads/Fase 3_v2_Final/Logic_Blocks/Bin7SegDecoder.vhd Line: 6
Info (12021): Found 2 design units, including 1 entities, in source file testbench_blocks/timern_tb.vhd
    Info (12022): Found design unit 1: TimerN_TB-Stimulus File: C:/Users/Olga/Downloads/Fase 3_v2_Final/TestBench_Blocks/TimerN_TB.vhd Line: 7
    Info (12023): Found entity 1: TimerN_TB File: C:/Users/Olga/Downloads/Fase 3_v2_Final/TestBench_Blocks/TimerN_TB.vhd Line: 4
Info (12021): Found 2 design units, including 1 entities, in source file testbench_blocks/timerauxfsm_tb.vhd
    Info (12022): Found design unit 1: TimerAuxFSM_TB-Stimulus File: C:/Users/Olga/Downloads/Fase 3_v2_Final/TestBench_Blocks/TimerAuxFSM_TB.vhd Line: 8
    Info (12023): Found entity 1: TimerAuxFSM_TB File: C:/Users/Olga/Downloads/Fase 3_v2_Final/TestBench_Blocks/TimerAuxFSM_TB.vhd Line: 5
Info (12021): Found 2 design units, including 1 entities, in source file testbench_blocks/timeextra_tb.vhd
    Info (12022): Found design unit 1: TimeExtra_TB-Stimulus File: C:/Users/Olga/Downloads/Fase 3_v2_Final/TestBench_Blocks/TimeExtra_TB.vhd Line: 8
    Info (12023): Found entity 1: TimeExtra_TB File: C:/Users/Olga/Downloads/Fase 3_v2_Final/TestBench_Blocks/TimeExtra_TB.vhd Line: 5
Info (12021): Found 2 design units, including 1 entities, in source file testbench_blocks/controlsystemunit_tb.vhd
    Info (12022): Found design unit 1: ControlSystemUnit_TB-Stimulus File: C:/Users/Olga/Downloads/Fase 3_v2_Final/TestBench_Blocks/ControlSystemUnit_TB.vhd Line: 7
    Info (12023): Found entity 1: ControlSystemUnit_TB File: C:/Users/Olga/Downloads/Fase 3_v2_Final/TestBench_Blocks/ControlSystemUnit_TB.vhd Line: 4
Info (12021): Found 2 design units, including 1 entities, in source file testbench_blocks/breadmakertop_tb.vhd
    Info (12022): Found design unit 1: BreadMakerTop_TB-Stimulus File: C:/Users/Olga/Downloads/Fase 3_v2_Final/TestBench_Blocks/BreadMakerTop_TB.vhd Line: 7
    Info (12023): Found entity 1: BreadMakerTop_TB File: C:/Users/Olga/Downloads/Fase 3_v2_Final/TestBench_Blocks/BreadMakerTop_TB.vhd Line: 4
Info (12021): Found 2 design units, including 1 entities, in source file testbench_blocks/breadbakerfsm_tb.vhd
    Info (12022): Found design unit 1: BreadBakerFSM_TB-Stimulus File: C:/Users/Olga/Downloads/Fase 3_v2_Final/TestBench_Blocks/BreadBakerFSM_TB.vhd Line: 7
    Info (12023): Found entity 1: BreadBakerFSM_TB File: C:/Users/Olga/Downloads/Fase 3_v2_Final/TestBench_Blocks/BreadBakerFSM_TB.vhd Line: 4
Info (12021): Found 2 design units, including 1 entities, in source file testbench_blocks/bintobcd_tb.vhd
    Info (12022): Found design unit 1: BinToBCD_TB-Stimulus File: C:/Users/Olga/Downloads/Fase 3_v2_Final/TestBench_Blocks/BinToBCD_TB.vhd Line: 8
    Info (12023): Found entity 1: BinToBCD_TB File: C:/Users/Olga/Downloads/Fase 3_v2_Final/TestBench_Blocks/BinToBCD_TB.vhd Line: 5
Info (12127): Elaborating entity "BreadMakerTop" for the top level hierarchy
Info (12129): Elaborating entity "Debouncer" using architecture "A:behavioral" for hierarchy "Debouncer:debouncerKEY0" File: C:/Users/Olga/Downloads/Fase 3_v2_Final/BreadMakerTop.vhd Line: 64
Info (12129): Elaborating entity "FlipFlopD" using architecture "A:behavioral" for hierarchy "FlipFlopD:Flipflop" File: C:/Users/Olga/Downloads/Fase 3_v2_Final/BreadMakerTop.vhd Line: 104
Info (12129): Elaborating entity "ControlSystemUnit_v2" using architecture "A:behavior" for hierarchy "ControlSystemUnit_v2:ControlSystemUnit" File: C:/Users/Olga/Downloads/Fase 3_v2_Final/BreadMakerTop.vhd Line: 113
Info (12129): Elaborating entity "PulseGenN" using architecture "A:behavioral" for hierarchy "PulseGenN:PulseGen1HZ" File: C:/Users/Olga/Downloads/Fase 3_v2_Final/BreadMakerTop.vhd Line: 128
Info (12129): Elaborating entity "TimeExtra" using architecture "A:structural" for hierarchy "TimeExtra:TimeExtra" File: C:/Users/Olga/Downloads/Fase 3_v2_Final/BreadMakerTop.vhd Line: 134
Info (12129): Elaborating entity "Counter" using architecture "A:behavioral" for hierarchy "TimeExtra:TimeExtra|Counter:Counter" File: C:/Users/Olga/Downloads/Fase 3_v2_Final/Logic_Blocks/TimeExtra.vhd Line: 25
Info (12129): Elaborating entity "TimerN" using architecture "A:behavioral" for hierarchy "TimerN:Temporizador" File: C:/Users/Olga/Downloads/Fase 3_v2_Final/BreadMakerTop.vhd Line: 145
Info (12129): Elaborating entity "BinToBCD" using architecture "A:behavioral" for hierarchy "BinToBCD:BinTOBCDTemporizador" File: C:/Users/Olga/Downloads/Fase 3_v2_Final/BreadMakerTop.vhd Line: 154
Info (12129): Elaborating entity "Mux3_1" using architecture "A:behavioral" for hierarchy "Mux3_1:MuxforHEX4" File: C:/Users/Olga/Downloads/Fase 3_v2_Final/BreadMakerTop.vhd Line: 159
Info (12129): Elaborating entity "Mux2_1" using architecture "A:behavassign" for hierarchy "Mux2_1:MuxforHEX5" File: C:/Users/Olga/Downloads/Fase 3_v2_Final/BreadMakerTop.vhd Line: 167
Info (12129): Elaborating entity "BreadBakerFSM" using architecture "A:behavioral" for hierarchy "BreadBakerFSM:BreadBakerFSM" File: C:/Users/Olga/Downloads/Fase 3_v2_Final/BreadMakerTop.vhd Line: 178
Info (12129): Elaborating entity "ROM_KxN_1P_V1" using architecture "A:behaviour" for hierarchy "ROM_KxN_1P_V1:ROM_Time" File: C:/Users/Olga/Downloads/Fase 3_v2_Final/BreadMakerTop.vhd Line: 200
Info (12129): Elaborating entity "TimerAuxFSM" using architecture "A:behavioral" for hierarchy "TimerAuxFSM:TimerAuxFSM" File: C:/Users/Olga/Downloads/Fase 3_v2_Final/BreadMakerTop.vhd Line: 211
Info (12129): Elaborating entity "ROM_KxN_1P_V2" using architecture "A:behaviour" for hierarchy "ROM_KxN_1P_V2:ROM_Messages" File: C:/Users/Olga/Downloads/Fase 3_v2_Final/BreadMakerTop.vhd Line: 228
Info (12129): Elaborating entity "DE2_LCD_DISPLAY" using architecture "A:de2_lcd_display_arch" for hierarchy "DE2_LCD_DISPLAY:LCD" File: C:/Users/Olga/Downloads/Fase 3_v2_Final/BreadMakerTop.vhd Line: 237
Info (12129): Elaborating entity "Bin7SegDecoder" using architecture "A:behavioral" for hierarchy "Bin7SegDecoder:Bin7SegHEX0" File: C:/Users/Olga/Downloads/Fase 3_v2_Final/BreadMakerTop.vhd Line: 261
Info (13000): Registers with preset signals will power-up high File: C:/Users/Olga/Downloads/Fase 3_v2_Final/Logic_Blocks/DE2_LCD_DISPLAY.vhd Line: 26
Info (13003): DEV_CLRn pin will set, and not reset, register with preset signal due to NOT Gate Push-Back
Warning (13009): TRI or OPNDRN buffers permanently enabled
    Warning (13010): Node "DE2_LCD_DISPLAY:LCD|data_bus[0]" File: C:/Users/Olga/Downloads/Fase 3_v2_Final/Logic_Blocks/DE2_LCD_DISPLAY.vhd Line: 71
    Warning (13010): Node "DE2_LCD_DISPLAY:LCD|data_bus[1]" File: C:/Users/Olga/Downloads/Fase 3_v2_Final/Logic_Blocks/DE2_LCD_DISPLAY.vhd Line: 71
    Warning (13010): Node "DE2_LCD_DISPLAY:LCD|data_bus[2]" File: C:/Users/Olga/Downloads/Fase 3_v2_Final/Logic_Blocks/DE2_LCD_DISPLAY.vhd Line: 71
    Warning (13010): Node "DE2_LCD_DISPLAY:LCD|data_bus[3]" File: C:/Users/Olga/Downloads/Fase 3_v2_Final/Logic_Blocks/DE2_LCD_DISPLAY.vhd Line: 71
    Warning (13010): Node "DE2_LCD_DISPLAY:LCD|data_bus[4]" File: C:/Users/Olga/Downloads/Fase 3_v2_Final/Logic_Blocks/DE2_LCD_DISPLAY.vhd Line: 71
    Warning (13010): Node "DE2_LCD_DISPLAY:LCD|data_bus[5]" File: C:/Users/Olga/Downloads/Fase 3_v2_Final/Logic_Blocks/DE2_LCD_DISPLAY.vhd Line: 71
    Warning (13010): Node "DE2_LCD_DISPLAY:LCD|data_bus[6]" File: C:/Users/Olga/Downloads/Fase 3_v2_Final/Logic_Blocks/DE2_LCD_DISPLAY.vhd Line: 71
    Warning (13010): Node "DE2_LCD_DISPLAY:LCD|data_bus[7]" File: C:/Users/Olga/Downloads/Fase 3_v2_Final/Logic_Blocks/DE2_LCD_DISPLAY.vhd Line: 71
Warning (13024): Output pins are stuck at VCC or GND
    Warning (13410): Pin "HEX0[3]" is stuck at VCC File: C:/Users/Olga/Downloads/Fase 3_v2_Final/BreadMakerTop.vhd Line: 9
    Warning (13410): Pin "HEX0[4]" is stuck at GND File: C:/Users/Olga/Downloads/Fase 3_v2_Final/BreadMakerTop.vhd Line: 9
    Warning (13410): Pin "HEX0[6]" is stuck at GND File: C:/Users/Olga/Downloads/Fase 3_v2_Final/BreadMakerTop.vhd Line: 9
    Warning (13410): Pin "HEX1[0]" is stuck at VCC File: C:/Users/Olga/Downloads/Fase 3_v2_Final/BreadMakerTop.vhd Line: 10
    Warning (13410): Pin "HEX1[1]" is stuck at VCC File: C:/Users/Olga/Downloads/Fase 3_v2_Final/BreadMakerTop.vhd Line: 10
    Warning (13410): Pin "HEX1[2]" is stuck at GND File: C:/Users/Olga/Downloads/Fase 3_v2_Final/BreadMakerTop.vhd Line: 10
    Warning (13410): Pin "HEX1[3]" is stuck at GND File: C:/Users/Olga/Downloads/Fase 3_v2_Final/BreadMakerTop.vhd Line: 10
    Warning (13410): Pin "HEX1[4]" is stuck at GND File: C:/Users/Olga/Downloads/Fase 3_v2_Final/BreadMakerTop.vhd Line: 10
    Warning (13410): Pin "HEX1[5]" is stuck at VCC File: C:/Users/Olga/Downloads/Fase 3_v2_Final/BreadMakerTop.vhd Line: 10
    Warning (13410): Pin "HEX1[6]" is stuck at GND File: C:/Users/Olga/Downloads/Fase 3_v2_Final/BreadMakerTop.vhd Line: 10
    Warning (13410): Pin "HEX2[0]" is stuck at VCC File: C:/Users/Olga/Downloads/Fase 3_v2_Final/BreadMakerTop.vhd Line: 11
    Warning (13410): Pin "HEX2[1]" is stuck at VCC File: C:/Users/Olga/Downloads/Fase 3_v2_Final/BreadMakerTop.vhd Line: 11
    Warning (13410): Pin "HEX2[2]" is stuck at VCC File: C:/Users/Olga/Downloads/Fase 3_v2_Final/BreadMakerTop.vhd Line: 11
    Warning (13410): Pin "HEX3[1]" is stuck at VCC File: C:/Users/Olga/Downloads/Fase 3_v2_Final/BreadMakerTop.vhd Line: 12
    Warning (13410): Pin "HEX3[4]" is stuck at VCC File: C:/Users/Olga/Downloads/Fase 3_v2_Final/BreadMakerTop.vhd Line: 12
    Warning (13410): Pin "LCD_RW" is stuck at GND File: C:/Users/Olga/Downloads/Fase 3_v2_Final/BreadMakerTop.vhd Line: 21
    Warning (13410): Pin "LCD_ON" is stuck at VCC File: C:/Users/Olga/Downloads/Fase 3_v2_Final/BreadMakerTop.vhd Line: 22
    Warning (13410): Pin "LCD_BLON" is stuck at VCC File: C:/Users/Olga/Downloads/Fase 3_v2_Final/BreadMakerTop.vhd Line: 23
Info (286030): Timing-Driven Synthesis is running
Info (17049): 1 registers lost all their fanouts during netlist optimizations.
Info (16010): Generating hard_block partition "hard_block:auto_generated_inst"
    Info (16011): Adding 0 node(s), including 0 DDIO, 0 PLL, 0 transceiver and 0 LCELL
Info (21057): Implemented 995 device resources after synthesis - the final resource count might be different
    Info (21058): Implemented 6 input pins
    Info (21059): Implemented 65 output pins
    Info (21060): Implemented 8 bidirectional pins
    Info (21061): Implemented 916 logic cells
Info: Quartus Prime Analysis & Synthesis was successful. 0 errors, 29 warnings
    Info: Peak virtual memory: 4834 megabytes
    Info: Processing ended: Mon May 29 12:17:49 2023
    Info: Elapsed time: 00:00:18
    Info: Total CPU time (on all processors): 00:00:24


