Analysis & Synthesis report for BreadMaker
Fri May 26 17:36:08 2023
Quartus Prime Version 20.1.1 Build 720 11/11/2020 SJ Lite Edition


---------------------
; Table of Contents ;
---------------------
  1. Legal Notice
  2. Analysis & Synthesis Summary
  3. Analysis & Synthesis Settings
  4. Parallel Compilation
  5. Analysis & Synthesis Source Files Read
  6. Analysis & Synthesis Resource Usage Summary
  7. Analysis & Synthesis Resource Utilization by Entity
  8. State Machine - |BreadMaker|ControlSystemUnit_v2:inst25|pState
  9. State Machine - |BreadMaker|BreadBakerFSM:iaaanst1|s_currentState
 10. General Register Statistics
 11. Inverted Register Statistics
 12. Multiplexer Restructuring Statistics (Restructuring Performed)
 13. Parameter Settings for User Entity Instance: ROM_KxN_1P_V2:inst28
 14. Parameter Settings for User Entity Instance: Debouncer:inst1
 15. Parameter Settings for User Entity Instance: Debouncer:inst3
 16. Parameter Settings for User Entity Instance: TimerN:inst5
 17. Parameter Settings for User Entity Instance: PulseGenN:inst11
 18. Parameter Settings for User Entity Instance: Debouncer:inst13
 19. Parameter Settings for User Entity Instance: TimerAuxFSM:inst9
 20. Parameter Settings for User Entity Instance: ROM_KxN_1P_V1:inst27
 21. Parameter Settings for User Entity Instance: Debouncer:inst12
 22. Parameter Settings for User Entity Instance: Mux2_1:inst18
 23. Port Connectivity Checks: "TimeExtra:inst4|Counter:Counter"
 24. Post-Synthesis Netlist Statistics for Top Partition
 25. Elapsed Time Per Partition
 26. Analysis & Synthesis Messages



----------------
; Legal Notice ;
----------------
Copyright (C) 2020  Intel Corporation. All rights reserved.
Your use of Intel Corporation's design tools, logic functions 
and other software and tools, and any partner logic 
functions, and any output files from any of the foregoing 
(including device programming or simulation files), and any 
associated documentation or information are expressly subject 
to the terms and conditions of the Intel Program License 
Subscription Agreement, the Intel Quartus Prime License Agreement,
the Intel FPGA IP License Agreement, or other applicable license
agreement, including, without limitation, that your use is for
the sole purpose of programming logic devices manufactured by
Intel and sold by Intel or its authorized distributors.  Please
refer to the applicable agreement for further details, at
https://fpgasoftware.intel.com/eula.



+----------------------------------------------------------------------------------+
; Analysis & Synthesis Summary                                                     ;
+------------------------------------+---------------------------------------------+
; Analysis & Synthesis Status        ; Successful - Fri May 26 17:36:08 2023       ;
; Quartus Prime Version              ; 20.1.1 Build 720 11/11/2020 SJ Lite Edition ;
; Revision Name                      ; BreadMaker                                  ;
; Top-level Entity Name              ; BreadMaker                                  ;
; Family                             ; Cyclone IV E                                ;
; Total logic elements               ; 576                                         ;
;     Total combinational functions  ; 572                                         ;
;     Dedicated logic registers      ; 204                                         ;
; Total registers                    ; 204                                         ;
; Total pins                         ; 75                                          ;
; Total virtual pins                 ; 0                                           ;
; Total memory bits                  ; 0                                           ;
; Embedded Multiplier 9-bit elements ; 0                                           ;
; Total PLLs                         ; 0                                           ;
+------------------------------------+---------------------------------------------+


+------------------------------------------------------------------------------------------------------------+
; Analysis & Synthesis Settings                                                                              ;
+------------------------------------------------------------------+--------------------+--------------------+
; Option                                                           ; Setting            ; Default Value      ;
+------------------------------------------------------------------+--------------------+--------------------+
; Device                                                           ; EP4CE115F29C7      ;                    ;
; Top-level entity name                                            ; BreadMaker         ; BreadMaker         ;
; Family name                                                      ; Cyclone IV E       ; Cyclone V          ;
; Use smart compilation                                            ; Off                ; Off                ;
; Enable parallel Assembler and Timing Analyzer during compilation ; On                 ; On                 ;
; Enable compact report table                                      ; Off                ; Off                ;
; Restructure Multiplexers                                         ; Auto               ; Auto               ;
; Create Debugging Nodes for IP Cores                              ; Off                ; Off                ;
; Preserve fewer node names                                        ; On                 ; On                 ;
; Intel FPGA IP Evaluation Mode                                    ; Enable             ; Enable             ;
; Verilog Version                                                  ; Verilog_2001       ; Verilog_2001       ;
; VHDL Version                                                     ; VHDL_1993          ; VHDL_1993          ;
; State Machine Processing                                         ; Auto               ; Auto               ;
; Safe State Machine                                               ; Off                ; Off                ;
; Extract Verilog State Machines                                   ; On                 ; On                 ;
; Extract VHDL State Machines                                      ; On                 ; On                 ;
; Ignore Verilog initial constructs                                ; Off                ; Off                ;
; Iteration limit for constant Verilog loops                       ; 5000               ; 5000               ;
; Iteration limit for non-constant Verilog loops                   ; 250                ; 250                ;
; Add Pass-Through Logic to Inferred RAMs                          ; On                 ; On                 ;
; Infer RAMs from Raw Logic                                        ; On                 ; On                 ;
; Parallel Synthesis                                               ; On                 ; On                 ;
; DSP Block Balancing                                              ; Auto               ; Auto               ;
; NOT Gate Push-Back                                               ; On                 ; On                 ;
; Power-Up Don't Care                                              ; On                 ; On                 ;
; Remove Redundant Logic Cells                                     ; Off                ; Off                ;
; Remove Duplicate Registers                                       ; On                 ; On                 ;
; Ignore CARRY Buffers                                             ; Off                ; Off                ;
; Ignore CASCADE Buffers                                           ; Off                ; Off                ;
; Ignore GLOBAL Buffers                                            ; Off                ; Off                ;
; Ignore ROW GLOBAL Buffers                                        ; Off                ; Off                ;
; Ignore LCELL Buffers                                             ; Off                ; Off                ;
; Ignore SOFT Buffers                                              ; On                 ; On                 ;
; Limit AHDL Integers to 32 Bits                                   ; Off                ; Off                ;
; Optimization Technique                                           ; Balanced           ; Balanced           ;
; Carry Chain Length                                               ; 70                 ; 70                 ;
; Auto Carry Chains                                                ; On                 ; On                 ;
; Auto Open-Drain Pins                                             ; On                 ; On                 ;
; Perform WYSIWYG Primitive Resynthesis                            ; Off                ; Off                ;
; Auto ROM Replacement                                             ; On                 ; On                 ;
; Auto RAM Replacement                                             ; On                 ; On                 ;
; Auto DSP Block Replacement                                       ; On                 ; On                 ;
; Auto Shift Register Replacement                                  ; Auto               ; Auto               ;
; Allow Shift Register Merging across Hierarchies                  ; Auto               ; Auto               ;
; Auto Clock Enable Replacement                                    ; On                 ; On                 ;
; Strict RAM Replacement                                           ; Off                ; Off                ;
; Allow Synchronous Control Signals                                ; On                 ; On                 ;
; Force Use of Synchronous Clear Signals                           ; Off                ; Off                ;
; Auto RAM Block Balancing                                         ; On                 ; On                 ;
; Auto RAM to Logic Cell Conversion                                ; Off                ; Off                ;
; Auto Resource Sharing                                            ; Off                ; Off                ;
; Allow Any RAM Size For Recognition                               ; Off                ; Off                ;
; Allow Any ROM Size For Recognition                               ; Off                ; Off                ;
; Allow Any Shift Register Size For Recognition                    ; Off                ; Off                ;
; Use LogicLock Constraints during Resource Balancing              ; On                 ; On                 ;
; Ignore translate_off and synthesis_off directives                ; Off                ; Off                ;
; Timing-Driven Synthesis                                          ; On                 ; On                 ;
; Report Parameter Settings                                        ; On                 ; On                 ;
; Report Source Assignments                                        ; On                 ; On                 ;
; Report Connectivity Checks                                       ; On                 ; On                 ;
; Ignore Maximum Fan-Out Assignments                               ; Off                ; Off                ;
; Synchronization Register Chain Length                            ; 2                  ; 2                  ;
; Power Optimization During Synthesis                              ; Normal compilation ; Normal compilation ;
; HDL message level                                                ; Level2             ; Level2             ;
; Suppress Register Optimization Related Messages                  ; Off                ; Off                ;
; Number of Removed Registers Reported in Synthesis Report         ; 5000               ; 5000               ;
; Number of Swept Nodes Reported in Synthesis Report               ; 5000               ; 5000               ;
; Number of Inverted Registers Reported in Synthesis Report        ; 100                ; 100                ;
; Clock MUX Protection                                             ; On                 ; On                 ;
; Auto Gated Clock Conversion                                      ; Off                ; Off                ;
; Block Design Naming                                              ; Auto               ; Auto               ;
; SDC constraint protection                                        ; Off                ; Off                ;
; Synthesis Effort                                                 ; Auto               ; Auto               ;
; Shift Register Replacement - Allow Asynchronous Clear Signal     ; On                 ; On                 ;
; Pre-Mapping Resynthesis Optimization                             ; Off                ; Off                ;
; Analysis & Synthesis Message Level                               ; Medium             ; Medium             ;
; Disable Register Merging Across Hierarchies                      ; Auto               ; Auto               ;
; Resource Aware Inference For Block RAM                           ; On                 ; On                 ;
+------------------------------------------------------------------+--------------------+--------------------+


+------------------------------------------+
; Parallel Compilation                     ;
+----------------------------+-------------+
; Processors                 ; Number      ;
+----------------------------+-------------+
; Number detected on machine ; 12          ;
; Maximum allowed            ; 12          ;
;                            ;             ;
; Average used               ; 1.00        ;
; Maximum used               ; 12          ;
;                            ;             ;
; Usage by Processor         ; % Time Used ;
;     Processor 1            ; 100.0%      ;
;     Processor 2            ;   0.0%      ;
;     Processors 3-12        ;   0.0%      ;
+----------------------------+-------------+


+----------------------------------------------------------------------------------------------------------------------------------------------------------------------------------------------------------------------------------------------------------------------+
; Analysis & Synthesis Source Files Read                                                                                                                                                                                                                               ;
+-----------------------------------------+-----------------+------------------------------------+-----------------------------------------------------------------------------------------------------------------------------------------------------------+---------+
; File Name with User-Entered Path        ; Used in Netlist ; File Type                          ; File Name with Absolute Path                                                                                                                              ; Library ;
+-----------------------------------------+-----------------+------------------------------------+-----------------------------------------------------------------------------------------------------------------------------------------------------------+---------+
; Logic_Blocks/Debugger_InputsAt50MHZ.vhd ; yes             ; User VHDL File                     ; D:/Universidade_LECI/Ano1_Sem2/Lab_Sistemas_Digitais/Meus_Exercicios/LSD_Project/#Quartus_Prime_Project/Fase 2_v3/Logic_Blocks/Debugger_InputsAt50MHZ.vhd ;         ;
; Logic_Blocks/ControlSystemUnit_v2.vhd   ; yes             ; User VHDL File                     ; D:/Universidade_LECI/Ano1_Sem2/Lab_Sistemas_Digitais/Meus_Exercicios/LSD_Project/#Quartus_Prime_Project/Fase 2_v3/Logic_Blocks/ControlSystemUnit_v2.vhd   ;         ;
; Logic_Blocks/Mux3_1.vhd                 ; yes             ; User VHDL File                     ; D:/Universidade_LECI/Ano1_Sem2/Lab_Sistemas_Digitais/Meus_Exercicios/LSD_Project/#Quartus_Prime_Project/Fase 2_v3/Logic_Blocks/Mux3_1.vhd                 ;         ;
; Logic_Blocks/ROM_KxN_1P_V2.vhd          ; yes             ; User VHDL File                     ; D:/Universidade_LECI/Ano1_Sem2/Lab_Sistemas_Digitais/Meus_Exercicios/LSD_Project/#Quartus_Prime_Project/Fase 2_v3/Logic_Blocks/ROM_KxN_1P_V2.vhd          ;         ;
; Logic_Blocks/Mux2_1.vhd                 ; yes             ; User VHDL File                     ; D:/Universidade_LECI/Ano1_Sem2/Lab_Sistemas_Digitais/Meus_Exercicios/LSD_Project/#Quartus_Prime_Project/Fase 2_v3/Logic_Blocks/Mux2_1.vhd                 ;         ;
; Logic_Blocks/BinToBCD.vhd               ; yes             ; User VHDL File                     ; D:/Universidade_LECI/Ano1_Sem2/Lab_Sistemas_Digitais/Meus_Exercicios/LSD_Project/#Quartus_Prime_Project/Fase 2_v3/Logic_Blocks/BinToBCD.vhd               ;         ;
; Logic_Blocks/Bin7SegDecoder.vhd         ; yes             ; User VHDL File                     ; D:/Universidade_LECI/Ano1_Sem2/Lab_Sistemas_Digitais/Meus_Exercicios/LSD_Project/#Quartus_Prime_Project/Fase 2_v3/Logic_Blocks/Bin7SegDecoder.vhd         ;         ;
; Logic_Blocks/TimerN.vhd                 ; yes             ; User VHDL File                     ; D:/Universidade_LECI/Ano1_Sem2/Lab_Sistemas_Digitais/Meus_Exercicios/LSD_Project/#Quartus_Prime_Project/Fase 2_v3/Logic_Blocks/TimerN.vhd                 ;         ;
; Logic_Blocks/TimeExtra.vhd              ; yes             ; User VHDL File                     ; D:/Universidade_LECI/Ano1_Sem2/Lab_Sistemas_Digitais/Meus_Exercicios/LSD_Project/#Quartus_Prime_Project/Fase 2_v3/Logic_Blocks/TimeExtra.vhd              ;         ;
; Logic_Blocks/Counter.vhd                ; yes             ; User VHDL File                     ; D:/Universidade_LECI/Ano1_Sem2/Lab_Sistemas_Digitais/Meus_Exercicios/LSD_Project/#Quartus_Prime_Project/Fase 2_v3/Logic_Blocks/Counter.vhd                ;         ;
; Logic_Blocks/PulseGenN.vhd              ; yes             ; User VHDL File                     ; D:/Universidade_LECI/Ano1_Sem2/Lab_Sistemas_Digitais/Meus_Exercicios/LSD_Project/#Quartus_Prime_Project/Fase 2_v3/Logic_Blocks/PulseGenN.vhd              ;         ;
; Logic_Blocks/TimerAuxFSM.vhd            ; yes             ; User VHDL File                     ; D:/Universidade_LECI/Ano1_Sem2/Lab_Sistemas_Digitais/Meus_Exercicios/LSD_Project/#Quartus_Prime_Project/Fase 2_v3/Logic_Blocks/TimerAuxFSM.vhd            ;         ;
; Logic_Blocks/Debouncer.vhd              ; yes             ; User VHDL File                     ; D:/Universidade_LECI/Ano1_Sem2/Lab_Sistemas_Digitais/Meus_Exercicios/LSD_Project/#Quartus_Prime_Project/Fase 2_v3/Logic_Blocks/Debouncer.vhd              ;         ;
; Logic_Blocks/FlipFlopD.vhd              ; yes             ; User VHDL File                     ; D:/Universidade_LECI/Ano1_Sem2/Lab_Sistemas_Digitais/Meus_Exercicios/LSD_Project/#Quartus_Prime_Project/Fase 2_v3/Logic_Blocks/FlipFlopD.vhd              ;         ;
; Logic_Blocks/BreadBakerFSM.vhd          ; yes             ; User VHDL File                     ; D:/Universidade_LECI/Ano1_Sem2/Lab_Sistemas_Digitais/Meus_Exercicios/LSD_Project/#Quartus_Prime_Project/Fase 2_v3/Logic_Blocks/BreadBakerFSM.vhd          ;         ;
; Logic_Blocks/ROM_KxN_1P_V1.vhd          ; yes             ; User VHDL File                     ; D:/Universidade_LECI/Ano1_Sem2/Lab_Sistemas_Digitais/Meus_Exercicios/LSD_Project/#Quartus_Prime_Project/Fase 2_v3/Logic_Blocks/ROM_KxN_1P_V1.vhd          ;         ;
; BreadMaker.bdf                          ; yes             ; User Block Diagram/Schematic File  ; D:/Universidade_LECI/Ano1_Sem2/Lab_Sistemas_Digitais/Meus_Exercicios/LSD_Project/#Quartus_Prime_Project/Fase 2_v3/BreadMaker.bdf                          ;         ;
+-----------------------------------------+-----------------+------------------------------------+-----------------------------------------------------------------------------------------------------------------------------------------------------------+---------+


+--------------------------------------------------------------+
; Analysis & Synthesis Resource Usage Summary                  ;
+---------------------------------------------+----------------+
; Resource                                    ; Usage          ;
+---------------------------------------------+----------------+
; Estimated Total logic elements              ; 576            ;
;                                             ;                ;
; Total combinational functions               ; 572            ;
; Logic element usage by number of LUT inputs ;                ;
;     -- 4 input functions                    ; 228            ;
;     -- 3 input functions                    ; 80             ;
;     -- <=2 input functions                  ; 264            ;
;                                             ;                ;
; Logic elements by mode                      ;                ;
;     -- normal mode                          ; 409            ;
;     -- arithmetic mode                      ; 163            ;
;                                             ;                ;
; Total registers                             ; 204            ;
;     -- Dedicated logic registers            ; 204            ;
;     -- I/O registers                        ; 0              ;
;                                             ;                ;
; I/O pins                                    ; 75             ;
;                                             ;                ;
; Embedded Multiplier 9-bit elements          ; 0              ;
;                                             ;                ;
; Maximum fan-out node                        ; CLOCK_50~input ;
; Maximum fan-out                             ; 201            ;
; Total fan-out                               ; 2432           ;
; Average fan-out                             ; 2.63           ;
+---------------------------------------------+----------------+


+-----------------------------------------------------------------------------------------------------------------------------------------------------------------------------------------------------------------------------------------------------+
; Analysis & Synthesis Resource Utilization by Entity                                                                                                                                                                                                 ;
+------------------------------------+---------------------+---------------------------+-------------+--------------+---------+-----------+------+--------------+---------------------------------------------+------------------------+--------------+
; Compilation Hierarchy Node         ; Combinational ALUTs ; Dedicated Logic Registers ; Memory Bits ; DSP Elements ; DSP 9x9 ; DSP 18x18 ; Pins ; Virtual Pins ; Full Hierarchy Name                         ; Entity Name            ; Library Name ;
+------------------------------------+---------------------+---------------------------+-------------+--------------+---------+-----------+------+--------------+---------------------------------------------+------------------------+--------------+
; |BreadMaker                        ; 572 (4)             ; 204 (0)                   ; 0           ; 0            ; 0       ; 0         ; 75   ; 0            ; |BreadMaker                                 ; BreadMaker             ; work         ;
;    |Bin7SegDecoder:inst14|         ; 15 (15)             ; 0 (0)                     ; 0           ; 0            ; 0       ; 0         ; 0    ; 0            ; |BreadMaker|Bin7SegDecoder:inst14           ; Bin7SegDecoder         ; work         ;
;    |Bin7SegDecoder:inst15|         ; 10 (10)             ; 0 (0)                     ; 0           ; 0            ; 0       ; 0         ; 0    ; 0            ; |BreadMaker|Bin7SegDecoder:inst15           ; Bin7SegDecoder         ; work         ;
;    |Bin7SegDecoder:inst16|         ; 21 (21)             ; 0 (0)                     ; 0           ; 0            ; 0       ; 0         ; 0    ; 0            ; |BreadMaker|Bin7SegDecoder:inst16           ; Bin7SegDecoder         ; work         ;
;    |Bin7SegDecoder:inst17|         ; 7 (7)               ; 0 (0)                     ; 0           ; 0            ; 0       ; 0         ; 0    ; 0            ; |BreadMaker|Bin7SegDecoder:inst17           ; Bin7SegDecoder         ; work         ;
;    |BinToBCD:inst23|               ; 17 (17)             ; 0 (0)                     ; 0           ; 0            ; 0       ; 0         ; 0    ; 0            ; |BreadMaker|BinToBCD:inst23                 ; BinToBCD               ; work         ;
;    |BinToBCD:inst6|                ; 23 (23)             ; 0 (0)                     ; 0           ; 0            ; 0       ; 0         ; 0    ; 0            ; |BreadMaker|BinToBCD:inst6                  ; BinToBCD               ; work         ;
;    |BreadBakerFSM:iaaanst1|        ; 30 (30)             ; 7 (7)                     ; 0           ; 0            ; 0       ; 0         ; 0    ; 0            ; |BreadMaker|BreadBakerFSM:iaaanst1          ; BreadBakerFSM          ; work         ;
;    |ControlSystemUnit_v2:inst25|   ; 28 (28)             ; 7 (7)                     ; 0           ; 0            ; 0       ; 0         ; 0    ; 0            ; |BreadMaker|ControlSystemUnit_v2:inst25     ; ControlSystemUnit_v2   ; work         ;
;    |Debouncer:inst12|              ; 67 (67)             ; 26 (26)                   ; 0           ; 0            ; 0       ; 0         ; 0    ; 0            ; |BreadMaker|Debouncer:inst12                ; Debouncer              ; work         ;
;    |Debouncer:inst13|              ; 68 (68)             ; 26 (26)                   ; 0           ; 0            ; 0       ; 0         ; 0    ; 0            ; |BreadMaker|Debouncer:inst13                ; Debouncer              ; work         ;
;    |Debouncer:inst1|               ; 67 (67)             ; 26 (26)                   ; 0           ; 0            ; 0       ; 0         ; 0    ; 0            ; |BreadMaker|Debouncer:inst1                 ; Debouncer              ; work         ;
;    |Debouncer:inst3|               ; 67 (67)             ; 26 (26)                   ; 0           ; 0            ; 0       ; 0         ; 0    ; 0            ; |BreadMaker|Debouncer:inst3                 ; Debouncer              ; work         ;
;    |Debugger_InputsAt50MHZ:inst36| ; 1 (1)               ; 1 (1)                     ; 0           ; 0            ; 0       ; 0         ; 0    ; 0            ; |BreadMaker|Debugger_InputsAt50MHZ:inst36   ; Debugger_InputsAt50MHZ ; work         ;
;    |Debugger_InputsAt50MHZ:inst37| ; 1 (1)               ; 1 (1)                     ; 0           ; 0            ; 0       ; 0         ; 0    ; 0            ; |BreadMaker|Debugger_InputsAt50MHZ:inst37   ; Debugger_InputsAt50MHZ ; work         ;
;    |Debugger_InputsAt50MHZ:inst38| ; 1 (1)               ; 1 (1)                     ; 0           ; 0            ; 0       ; 0         ; 0    ; 0            ; |BreadMaker|Debugger_InputsAt50MHZ:inst38   ; Debugger_InputsAt50MHZ ; work         ;
;    |FlipFlopD:inst|                ; 1 (1)               ; 1 (1)                     ; 0           ; 0            ; 0       ; 0         ; 0    ; 0            ; |BreadMaker|FlipFlopD:inst                  ; FlipFlopD              ; work         ;
;    |Mux2_1:inst18|                 ; 4 (4)               ; 0 (0)                     ; 0           ; 0            ; 0       ; 0         ; 0    ; 0            ; |BreadMaker|Mux2_1:inst18                   ; Mux2_1                 ; work         ;
;    |Mux3_1:inst19|                 ; 10 (10)             ; 0 (0)                     ; 0           ; 0            ; 0       ; 0         ; 0    ; 0            ; |BreadMaker|Mux3_1:inst19                   ; Mux3_1                 ; work         ;
;    |PulseGenN:inst11|              ; 43 (43)             ; 32 (32)                   ; 0           ; 0            ; 0       ; 0         ; 0    ; 0            ; |BreadMaker|PulseGenN:inst11                ; PulseGenN              ; work         ;
;    |ROM_KxN_1P_V1:inst27|          ; 2 (2)               ; 0 (0)                     ; 0           ; 0            ; 0       ; 0         ; 0    ; 0            ; |BreadMaker|ROM_KxN_1P_V1:inst27            ; ROM_KxN_1P_V1          ; work         ;
;    |TimeExtra:inst4|               ; 11 (0)              ; 8 (0)                     ; 0           ; 0            ; 0       ; 0         ; 0    ; 0            ; |BreadMaker|TimeExtra:inst4                 ; TimeExtra              ; work         ;
;       |Counter:Counter|            ; 11 (11)             ; 8 (8)                     ; 0           ; 0            ; 0       ; 0         ; 0    ; 0            ; |BreadMaker|TimeExtra:inst4|Counter:Counter ; Counter                ; work         ;
;    |TimerAuxFSM:inst9|             ; 27 (27)             ; 9 (9)                     ; 0           ; 0            ; 0       ; 0         ; 0    ; 0            ; |BreadMaker|TimerAuxFSM:inst9               ; TimerAuxFSM            ; work         ;
;    |TimerN:inst5|                  ; 47 (47)             ; 33 (33)                   ; 0           ; 0            ; 0       ; 0         ; 0    ; 0            ; |BreadMaker|TimerN:inst5                    ; TimerN                 ; work         ;
+------------------------------------+---------------------+---------------------------+-------------+--------------+---------+-----------+------+--------------+---------------------------------------------+------------------------+--------------+
Note: For table entries with two numbers listed, the numbers in parentheses indicate the number of resources of the given type used by the specific entity alone. The numbers listed outside of parentheses indicate the total resources of the given type used by the specific entity and all of its sub-entities in the hierarchy.


Encoding Type:  One-Hot
+-----------------------------------------------------------------------------------------------------------------------------------+
; State Machine - |BreadMaker|ControlSystemUnit_v2:inst25|pState                                                                    ;
+--------------------+--------------+-------------+-----------------+--------------------+--------------+-------------+-------------+
; Name               ; pState.Extra ; pState.Stop ; pState.StartPrg ; pState.TimeProcess ; pState.Timer ; pState.Menu ; pState.Init ;
+--------------------+--------------+-------------+-----------------+--------------------+--------------+-------------+-------------+
; pState.Init        ; 0            ; 0           ; 0               ; 0                  ; 0            ; 0           ; 0           ;
; pState.Menu        ; 0            ; 0           ; 0               ; 0                  ; 0            ; 1           ; 1           ;
; pState.Timer       ; 0            ; 0           ; 0               ; 0                  ; 1            ; 0           ; 1           ;
; pState.TimeProcess ; 0            ; 0           ; 0               ; 1                  ; 0            ; 0           ; 1           ;
; pState.StartPrg    ; 0            ; 0           ; 1               ; 0                  ; 0            ; 0           ; 1           ;
; pState.Stop        ; 0            ; 1           ; 0               ; 0                  ; 0            ; 0           ; 1           ;
; pState.Extra       ; 1            ; 0           ; 0               ; 0                  ; 0            ; 0           ; 1           ;
+--------------------+--------------+-------------+-----------------+--------------------+--------------+-------------+-------------+


Encoding Type:  One-Hot
+----------------------------------------------------------------------------------------------------------------------------------------------------------------------------+
; State Machine - |BreadMaker|BreadBakerFSM:iaaanst1|s_currentState                                                                                                          ;
+--------------------------+-----------------------+---------------------+-----------------------+-------------------------+--------------------------+----------------------+
; Name                     ; s_currentState.TExtra ; s_currentState.TFim ; s_currentState.TCozer ; s_currentState.TLevedar ; s_currentState.TAmmassar ; s_currentState.TInit ;
+--------------------------+-----------------------+---------------------+-----------------------+-------------------------+--------------------------+----------------------+
; s_currentState.TInit     ; 0                     ; 0                   ; 0                     ; 0                       ; 0                        ; 0                    ;
; s_currentState.TAmmassar ; 0                     ; 0                   ; 0                     ; 0                       ; 1                        ; 1                    ;
; s_currentState.TLevedar  ; 0                     ; 0                   ; 0                     ; 1                       ; 0                        ; 1                    ;
; s_currentState.TCozer    ; 0                     ; 0                   ; 1                     ; 0                       ; 0                        ; 1                    ;
; s_currentState.TFim      ; 0                     ; 1                   ; 0                     ; 0                       ; 0                        ; 1                    ;
; s_currentState.TExtra    ; 1                     ; 0                   ; 0                     ; 0                       ; 0                        ; 1                    ;
+--------------------------+-----------------------+---------------------+-----------------------+-------------------------+--------------------------+----------------------+


+------------------------------------------------------+
; General Register Statistics                          ;
+----------------------------------------------+-------+
; Statistic                                    ; Value ;
+----------------------------------------------+-------+
; Total registers                              ; 204   ;
; Number of registers using Synchronous Clear  ; 50    ;
; Number of registers using Synchronous Load   ; 32    ;
; Number of registers using Asynchronous Clear ; 0     ;
; Number of registers using Asynchronous Load  ; 0     ;
; Number of registers using Clock Enable       ; 120   ;
; Number of registers using Preset             ; 0     ;
+----------------------------------------------+-------+


+--------------------------------------------------+
; Inverted Register Statistics                     ;
+----------------------------------------+---------+
; Inverted Register                      ; Fan out ;
+----------------------------------------+---------+
; BreadBakerFSM:iaaanst1|s_stateChanged  ; 1       ;
; Total number of inverted registers = 1 ;         ;
+----------------------------------------+---------+


+----------------------------------------------------------------------------------------------------------------------------------------------------------------------+
; Multiplexer Restructuring Statistics (Restructuring Performed)                                                                                                       ;
+--------------------+-----------+---------------+----------------------+------------------------+------------+--------------------------------------------------------+
; Multiplexer Inputs ; Bus Width ; Baseline Area ; Area if Restructured ; Saving if Restructured ; Registered ; Example Multiplexer Output                             ;
+--------------------+-----------+---------------+----------------------+------------------------+------------+--------------------------------------------------------+
; 3:1                ; 31 bits   ; 62 LEs        ; 31 LEs               ; 31 LEs                 ; Yes        ; |BreadMaker|PulseGenN:inst11|s_counter[12]             ;
; 4:1                ; 8 bits    ; 16 LEs        ; 8 LEs                ; 8 LEs                  ; Yes        ; |BreadMaker|TimeExtra:inst4|Counter:Counter|s_count[0] ;
; 4:1                ; 8 bits    ; 16 LEs        ; 16 LEs               ; 0 LEs                  ; Yes        ; |BreadMaker|TimerAuxFSM:inst9|s_count[0]               ;
; 5:1                ; 32 bits   ; 96 LEs        ; 64 LEs               ; 32 LEs                 ; Yes        ; |BreadMaker|TimerN:inst5|s_count[24]                   ;
; 5:1                ; 23 bits   ; 69 LEs        ; 46 LEs               ; 23 LEs                 ; Yes        ; |BreadMaker|Debouncer:inst3|s_debounceCnt[1]           ;
; 5:1                ; 23 bits   ; 69 LEs        ; 46 LEs               ; 23 LEs                 ; Yes        ; |BreadMaker|Debouncer:inst13|s_debounceCnt[3]          ;
; 5:1                ; 23 bits   ; 69 LEs        ; 46 LEs               ; 23 LEs                 ; Yes        ; |BreadMaker|Debouncer:inst1|s_debounceCnt[21]          ;
; 5:1                ; 23 bits   ; 69 LEs        ; 46 LEs               ; 23 LEs                 ; Yes        ; |BreadMaker|Debouncer:inst12|s_debounceCnt[3]          ;
; 3:1                ; 2 bits    ; 4 LEs         ; 2 LEs                ; 2 LEs                  ; No         ; |BreadMaker|Mux2_1:inst18|muxOut[0]                    ;
; 4:1                ; 3 bits    ; 6 LEs         ; 6 LEs                ; 0 LEs                  ; No         ; |BreadMaker|BreadBakerFSM:iaaanst1|addr[0]             ;
; 9:1                ; 2 bits    ; 12 LEs        ; 8 LEs                ; 4 LEs                  ; No         ; |BreadMaker|Bin7SegDecoder:inst15|decOut_n[1]          ;
; 6:1                ; 2 bits    ; 8 LEs         ; 8 LEs                ; 0 LEs                  ; No         ; |BreadMaker|BinToBCD:inst6|outBCD2[1]                  ;
; 7:1                ; 4 bits    ; 16 LEs        ; 16 LEs               ; 0 LEs                  ; No         ; |BreadMaker|BinToBCD:inst23|outBCD[0]                  ;
; 7:1                ; 4 bits    ; 16 LEs        ; 16 LEs               ; 0 LEs                  ; No         ; |BreadMaker|BinToBCD:inst6|outBCD[3]                   ;
; 9:1                ; 2 bits    ; 12 LEs        ; 12 LEs               ; 0 LEs                  ; No         ; |BreadMaker|Mux3_1:inst19|Mux3                         ;
; 11:1               ; 4 bits    ; 28 LEs        ; 20 LEs               ; 8 LEs                  ; No         ; |BreadMaker|ControlSystemUnit_v2:inst25|pState         ;
; 12:1               ; 2 bits    ; 16 LEs        ; 6 LEs                ; 10 LEs                 ; No         ; |BreadMaker|ControlSystemUnit_v2:inst25|pState         ;
+--------------------+-----------+---------------+----------------------+------------------------+------------+--------------------------------------------------------+


+-------------------------------------------------------------------+
; Parameter Settings for User Entity Instance: ROM_KxN_1P_V2:inst28 ;
+----------------+-------+------------------------------------------+
; Parameter Name ; Value ; Type                                     ;
+----------------+-------+------------------------------------------+
; k              ; 1     ; Signed Integer                           ;
; n              ; 16    ; Signed Integer                           ;
+----------------+-------+------------------------------------------+
Note: In order to hide this table in the UI and the text report file, please set the "Show Parameter Settings in Synthesis Report" option in "Analysis and Synthesis Settings -> More Settings" to "Off".


+--------------------------------------------------------------+
; Parameter Settings for User Entity Instance: Debouncer:inst1 ;
+----------------+-------+-------------------------------------+
; Parameter Name ; Value ; Type                                ;
+----------------+-------+-------------------------------------+
; khzclkfreq     ; 50000 ; Signed Integer                      ;
; msecmininwidth ; 100   ; Signed Integer                      ;
; inpolarity     ; '0'   ; Enumerated                          ;
; outpolarity    ; '1'   ; Enumerated                          ;
+----------------+-------+-------------------------------------+
Note: In order to hide this table in the UI and the text report file, please set the "Show Parameter Settings in Synthesis Report" option in "Analysis and Synthesis Settings -> More Settings" to "Off".


+--------------------------------------------------------------+
; Parameter Settings for User Entity Instance: Debouncer:inst3 ;
+----------------+-------+-------------------------------------+
; Parameter Name ; Value ; Type                                ;
+----------------+-------+-------------------------------------+
; khzclkfreq     ; 50000 ; Signed Integer                      ;
; msecmininwidth ; 100   ; Signed Integer                      ;
; inpolarity     ; '0'   ; Enumerated                          ;
; outpolarity    ; '1'   ; Enumerated                          ;
+----------------+-------+-------------------------------------+
Note: In order to hide this table in the UI and the text report file, please set the "Show Parameter Settings in Synthesis Report" option in "Analysis and Synthesis Settings -> More Settings" to "Off".


+-----------------------------------------------------------+
; Parameter Settings for User Entity Instance: TimerN:inst5 ;
+----------------+-------+----------------------------------+
; Parameter Name ; Value ; Type                             ;
+----------------+-------+----------------------------------+
; n              ; 7     ; Signed Integer                   ;
+----------------+-------+----------------------------------+
Note: In order to hide this table in the UI and the text report file, please set the "Show Parameter Settings in Synthesis Report" option in "Analysis and Synthesis Settings -> More Settings" to "Off".


+---------------------------------------------------------------+
; Parameter Settings for User Entity Instance: PulseGenN:inst11 ;
+----------------+----------+-----------------------------------+
; Parameter Name ; Value    ; Type                              ;
+----------------+----------+-----------------------------------+
; n              ; 50000000 ; Signed Integer                    ;
+----------------+----------+-----------------------------------+
Note: In order to hide this table in the UI and the text report file, please set the "Show Parameter Settings in Synthesis Report" option in "Analysis and Synthesis Settings -> More Settings" to "Off".


+---------------------------------------------------------------+
; Parameter Settings for User Entity Instance: Debouncer:inst13 ;
+----------------+-------+--------------------------------------+
; Parameter Name ; Value ; Type                                 ;
+----------------+-------+--------------------------------------+
; khzclkfreq     ; 50000 ; Signed Integer                       ;
; msecmininwidth ; 100   ; Signed Integer                       ;
; inpolarity     ; '0'   ; Enumerated                           ;
; outpolarity    ; '1'   ; Enumerated                           ;
+----------------+-------+--------------------------------------+
Note: In order to hide this table in the UI and the text report file, please set the "Show Parameter Settings in Synthesis Report" option in "Analysis and Synthesis Settings -> More Settings" to "Off".


+----------------------------------------------------------------+
; Parameter Settings for User Entity Instance: TimerAuxFSM:inst9 ;
+----------------+-------+---------------------------------------+
; Parameter Name ; Value ; Type                                  ;
+----------------+-------+---------------------------------------+
; n              ; 8     ; Signed Integer                        ;
+----------------+-------+---------------------------------------+
Note: In order to hide this table in the UI and the text report file, please set the "Show Parameter Settings in Synthesis Report" option in "Analysis and Synthesis Settings -> More Settings" to "Off".


+-------------------------------------------------------------------+
; Parameter Settings for User Entity Instance: ROM_KxN_1P_V1:inst27 ;
+----------------+-------+------------------------------------------+
; Parameter Name ; Value ; Type                                     ;
+----------------+-------+------------------------------------------+
; k              ; 4     ; Signed Integer                           ;
; n              ; 8     ; Signed Integer                           ;
+----------------+-------+------------------------------------------+
Note: In order to hide this table in the UI and the text report file, please set the "Show Parameter Settings in Synthesis Report" option in "Analysis and Synthesis Settings -> More Settings" to "Off".


+---------------------------------------------------------------+
; Parameter Settings for User Entity Instance: Debouncer:inst12 ;
+----------------+-------+--------------------------------------+
; Parameter Name ; Value ; Type                                 ;
+----------------+-------+--------------------------------------+
; khzclkfreq     ; 50000 ; Signed Integer                       ;
; msecmininwidth ; 100   ; Signed Integer                       ;
; inpolarity     ; '0'   ; Enumerated                           ;
; outpolarity    ; '1'   ; Enumerated                           ;
+----------------+-------+--------------------------------------+
Note: In order to hide this table in the UI and the text report file, please set the "Show Parameter Settings in Synthesis Report" option in "Analysis and Synthesis Settings -> More Settings" to "Off".


+------------------------------------------------------------+
; Parameter Settings for User Entity Instance: Mux2_1:inst18 ;
+----------------+-------+-----------------------------------+
; Parameter Name ; Value ; Type                              ;
+----------------+-------+-----------------------------------+
; n              ; 4     ; Signed Integer                    ;
+----------------+-------+-----------------------------------+
Note: In order to hide this table in the UI and the text report file, please set the "Show Parameter Settings in Synthesis Report" option in "Analysis and Synthesis Settings -> More Settings" to "Off".


+-------------------------------------------------------------+
; Port Connectivity Checks: "TimeExtra:inst4|Counter:Counter" ;
+--------+-------+----------+---------------------------------+
; Port   ; Type  ; Severity ; Details                         ;
+--------+-------+----------+---------------------------------+
; datain ; Input ; Info     ; Stuck at GND                    ;
+--------+-------+----------+---------------------------------+


+-----------------------------------------------------+
; Post-Synthesis Netlist Statistics for Top Partition ;
+-----------------------+-----------------------------+
; Type                  ; Count                       ;
+-----------------------+-----------------------------+
; boundary_port         ; 75                          ;
; cycloneiii_ff         ; 204                         ;
;     ENA               ; 72                          ;
;     ENA SCLR          ; 16                          ;
;     ENA SLD           ; 32                          ;
;     SCLR              ; 34                          ;
;     plain             ; 50                          ;
; cycloneiii_lcell_comb ; 583                         ;
;     arith             ; 163                         ;
;         2 data inputs ; 162                         ;
;         3 data inputs ; 1                           ;
;     normal            ; 420                         ;
;         0 data inputs ; 2                           ;
;         1 data inputs ; 26                          ;
;         2 data inputs ; 85                          ;
;         3 data inputs ; 79                          ;
;         4 data inputs ; 228                         ;
;                       ;                             ;
; Max LUT depth         ; 9.00                        ;
; Average LUT depth     ; 4.77                        ;
+-----------------------+-----------------------------+


+-------------------------------+
; Elapsed Time Per Partition    ;
+----------------+--------------+
; Partition Name ; Elapsed Time ;
+----------------+--------------+
; Top            ; 00:00:01     ;
+----------------+--------------+


+-------------------------------+
; Analysis & Synthesis Messages ;
+-------------------------------+
Info: *******************************************************************
Info: Running Quartus Prime Analysis & Synthesis
    Info: Version 20.1.1 Build 720 11/11/2020 SJ Lite Edition
    Info: Processing started: Fri May 26 17:35:59 2023
Info: Command: quartus_map --read_settings_files=on --write_settings_files=off BreadMaker -c BreadMaker
Warning (18236): Number of processors has not been specified which may cause overloading on shared machines.  Set the global assignment NUM_PARALLEL_PROCESSORS in your QSF to an appropriate value for best performance.
Info (20030): Parallel compilation is enabled and will use 12 of the 12 processors detected
Info (12021): Found 2 design units, including 1 entities, in source file logic_blocks/debugger_inputsat50mhz.vhd
    Info (12022): Found design unit 1: Debugger_InputsAt50MHZ-behaviour File: D:/Universidade_LECI/Ano1_Sem2/Lab_Sistemas_Digitais/Meus_Exercicios/LSD_Project/#Quartus_Prime_Project/Fase 2_v3/Logic_Blocks/Debugger_InputsAt50MHZ.vhd Line: 13
    Info (12023): Found entity 1: Debugger_InputsAt50MHZ File: D:/Universidade_LECI/Ano1_Sem2/Lab_Sistemas_Digitais/Meus_Exercicios/LSD_Project/#Quartus_Prime_Project/Fase 2_v3/Logic_Blocks/Debugger_InputsAt50MHZ.vhd Line: 6
Info (12021): Found 2 design units, including 1 entities, in source file logic_blocks/controlsystemunit_v2.vhd
    Info (12022): Found design unit 1: ControlSystemUnit_v2-BEHAVIOR File: D:/Universidade_LECI/Ano1_Sem2/Lab_Sistemas_Digitais/Meus_Exercicios/LSD_Project/#Quartus_Prime_Project/Fase 2_v3/Logic_Blocks/ControlSystemUnit_v2.vhd Line: 41
    Info (12023): Found entity 1: ControlSystemUnit_v2 File: D:/Universidade_LECI/Ano1_Sem2/Lab_Sistemas_Digitais/Meus_Exercicios/LSD_Project/#Quartus_Prime_Project/Fase 2_v3/Logic_Blocks/ControlSystemUnit_v2.vhd Line: 22
Info (12021): Found 2 design units, including 1 entities, in source file logic_blocks/mux3_1.vhd
    Info (12022): Found design unit 1: Mux3_1-Behavioral File: D:/Universidade_LECI/Ano1_Sem2/Lab_Sistemas_Digitais/Meus_Exercicios/LSD_Project/#Quartus_Prime_Project/Fase 2_v3/Logic_Blocks/Mux3_1.vhd Line: 16
    Info (12023): Found entity 1: Mux3_1 File: D:/Universidade_LECI/Ano1_Sem2/Lab_Sistemas_Digitais/Meus_Exercicios/LSD_Project/#Quartus_Prime_Project/Fase 2_v3/Logic_Blocks/Mux3_1.vhd Line: 6
Info (12021): Found 2 design units, including 1 entities, in source file logic_blocks/rom_kxn_1p_v2.vhd
    Info (12022): Found design unit 1: ROM_KxN_1P_V2-Behaviour File: D:/Universidade_LECI/Ano1_Sem2/Lab_Sistemas_Digitais/Meus_Exercicios/LSD_Project/#Quartus_Prime_Project/Fase 2_v3/Logic_Blocks/ROM_KxN_1P_V2.vhd Line: 17
    Info (12023): Found entity 1: ROM_KxN_1P_V2 File: D:/Universidade_LECI/Ano1_Sem2/Lab_Sistemas_Digitais/Meus_Exercicios/LSD_Project/#Quartus_Prime_Project/Fase 2_v3/Logic_Blocks/ROM_KxN_1P_V2.vhd Line: 7
Info (12021): Found 2 design units, including 1 entities, in source file logic_blocks/mux2_1.vhd
    Info (12022): Found design unit 1: Mux2_1-BehavAssign File: D:/Universidade_LECI/Ano1_Sem2/Lab_Sistemas_Digitais/Meus_Exercicios/LSD_Project/#Quartus_Prime_Project/Fase 2_v3/Logic_Blocks/Mux2_1.vhd Line: 13
    Info (12023): Found entity 1: Mux2_1 File: D:/Universidade_LECI/Ano1_Sem2/Lab_Sistemas_Digitais/Meus_Exercicios/LSD_Project/#Quartus_Prime_Project/Fase 2_v3/Logic_Blocks/Mux2_1.vhd Line: 4
Info (12021): Found 2 design units, including 1 entities, in source file logic_blocks/bintobcd.vhd
    Info (12022): Found design unit 1: BinToBCD-Behavioral File: D:/Universidade_LECI/Ano1_Sem2/Lab_Sistemas_Digitais/Meus_Exercicios/LSD_Project/#Quartus_Prime_Project/Fase 2_v3/Logic_Blocks/BinToBCD.vhd Line: 13
    Info (12023): Found entity 1: BinToBCD File: D:/Universidade_LECI/Ano1_Sem2/Lab_Sistemas_Digitais/Meus_Exercicios/LSD_Project/#Quartus_Prime_Project/Fase 2_v3/Logic_Blocks/BinToBCD.vhd Line: 5
Info (12021): Found 2 design units, including 1 entities, in source file logic_blocks/bin7segdecoder.vhd
    Info (12022): Found design unit 1: Bin7SegDecoder-Behavioral File: D:/Universidade_LECI/Ano1_Sem2/Lab_Sistemas_Digitais/Meus_Exercicios/LSD_Project/#Quartus_Prime_Project/Fase 2_v3/Logic_Blocks/Bin7SegDecoder.vhd Line: 12
    Info (12023): Found entity 1: Bin7SegDecoder File: D:/Universidade_LECI/Ano1_Sem2/Lab_Sistemas_Digitais/Meus_Exercicios/LSD_Project/#Quartus_Prime_Project/Fase 2_v3/Logic_Blocks/Bin7SegDecoder.vhd Line: 4
Info (12021): Found 2 design units, including 1 entities, in source file logic_blocks/timern.vhd
    Info (12022): Found design unit 1: TimerN-Behavioral File: D:/Universidade_LECI/Ano1_Sem2/Lab_Sistemas_Digitais/Meus_Exercicios/LSD_Project/#Quartus_Prime_Project/Fase 2_v3/Logic_Blocks/TimerN.vhd Line: 17
    Info (12023): Found entity 1: TimerN File: D:/Universidade_LECI/Ano1_Sem2/Lab_Sistemas_Digitais/Meus_Exercicios/LSD_Project/#Quartus_Prime_Project/Fase 2_v3/Logic_Blocks/TimerN.vhd Line: 5
Info (12021): Found 2 design units, including 1 entities, in source file logic_blocks/timeextra.vhd
    Info (12022): Found design unit 1: TimeExtra-Structural File: D:/Universidade_LECI/Ano1_Sem2/Lab_Sistemas_Digitais/Meus_Exercicios/LSD_Project/#Quartus_Prime_Project/Fase 2_v3/Logic_Blocks/TimeExtra.vhd Line: 14
    Info (12023): Found entity 1: TimeExtra File: D:/Universidade_LECI/Ano1_Sem2/Lab_Sistemas_Digitais/Meus_Exercicios/LSD_Project/#Quartus_Prime_Project/Fase 2_v3/Logic_Blocks/TimeExtra.vhd Line: 4
Info (12021): Found 2 design units, including 1 entities, in source file logic_blocks/counter.vhd
    Info (12022): Found design unit 1: Counter-Behavioral File: D:/Universidade_LECI/Ano1_Sem2/Lab_Sistemas_Digitais/Meus_Exercicios/LSD_Project/#Quartus_Prime_Project/Fase 2_v3/Logic_Blocks/Counter.vhd Line: 17
    Info (12023): Found entity 1: Counter File: D:/Universidade_LECI/Ano1_Sem2/Lab_Sistemas_Digitais/Meus_Exercicios/LSD_Project/#Quartus_Prime_Project/Fase 2_v3/Logic_Blocks/Counter.vhd Line: 5
Info (12021): Found 2 design units, including 1 entities, in source file logic_blocks/pulsegenn.vhd
    Info (12022): Found design unit 1: PulseGenN-Behavioral File: D:/Universidade_LECI/Ano1_Sem2/Lab_Sistemas_Digitais/Meus_Exercicios/LSD_Project/#Quartus_Prime_Project/Fase 2_v3/Logic_Blocks/PulseGenN.vhd Line: 12
    Info (12023): Found entity 1: PulseGenN File: D:/Universidade_LECI/Ano1_Sem2/Lab_Sistemas_Digitais/Meus_Exercicios/LSD_Project/#Quartus_Prime_Project/Fase 2_v3/Logic_Blocks/PulseGenN.vhd Line: 5
Info (12021): Found 2 design units, including 1 entities, in source file logic_blocks/timerauxfsm.vhd
    Info (12022): Found design unit 1: TimerAuxFSM-Behavioral File: D:/Universidade_LECI/Ano1_Sem2/Lab_Sistemas_Digitais/Meus_Exercicios/LSD_Project/#Quartus_Prime_Project/Fase 2_v3/Logic_Blocks/TimerAuxFSM.vhd Line: 18
    Info (12023): Found entity 1: TimerAuxFSM File: D:/Universidade_LECI/Ano1_Sem2/Lab_Sistemas_Digitais/Meus_Exercicios/LSD_Project/#Quartus_Prime_Project/Fase 2_v3/Logic_Blocks/TimerAuxFSM.vhd Line: 5
Info (12021): Found 2 design units, including 1 entities, in source file logic_blocks/debouncer.vhd
    Info (12022): Found design unit 1: Debouncer-Behavioral File: D:/Universidade_LECI/Ano1_Sem2/Lab_Sistemas_Digitais/Meus_Exercicios/LSD_Project/#Quartus_Prime_Project/Fase 2_v3/Logic_Blocks/Debouncer.vhd Line: 15
    Info (12023): Found entity 1: Debouncer File: D:/Universidade_LECI/Ano1_Sem2/Lab_Sistemas_Digitais/Meus_Exercicios/LSD_Project/#Quartus_Prime_Project/Fase 2_v3/Logic_Blocks/Debouncer.vhd Line: 5
Info (12021): Found 2 design units, including 1 entities, in source file logic_blocks/controlsystemunit.vhd
    Info (12022): Found design unit 1: ControlSystemUnit-BEHAVIOR File: D:/Universidade_LECI/Ano1_Sem2/Lab_Sistemas_Digitais/Meus_Exercicios/LSD_Project/#Quartus_Prime_Project/Fase 2_v3/Logic_Blocks/ControlSystemUnit.vhd Line: 41
    Info (12023): Found entity 1: ControlSystemUnit File: D:/Universidade_LECI/Ano1_Sem2/Lab_Sistemas_Digitais/Meus_Exercicios/LSD_Project/#Quartus_Prime_Project/Fase 2_v3/Logic_Blocks/ControlSystemUnit.vhd Line: 22
Info (12021): Found 2 design units, including 1 entities, in source file logic_blocks/flipflopd.vhd
    Info (12022): Found design unit 1: FlipFlopD-Behavioral File: D:/Universidade_LECI/Ano1_Sem2/Lab_Sistemas_Digitais/Meus_Exercicios/LSD_Project/#Quartus_Prime_Project/Fase 2_v3/Logic_Blocks/FlipFlopD.vhd Line: 12
    Info (12023): Found entity 1: FlipFlopD File: D:/Universidade_LECI/Ano1_Sem2/Lab_Sistemas_Digitais/Meus_Exercicios/LSD_Project/#Quartus_Prime_Project/Fase 2_v3/Logic_Blocks/FlipFlopD.vhd Line: 4
Info (12021): Found 2 design units, including 1 entities, in source file logic_blocks/breadbakerfsm.vhd
    Info (12022): Found design unit 1: BreadBakerFSM-Behavioral File: D:/Universidade_LECI/Ano1_Sem2/Lab_Sistemas_Digitais/Meus_Exercicios/LSD_Project/#Quartus_Prime_Project/Fase 2_v3/Logic_Blocks/BreadBakerFSM.vhd Line: 28
    Info (12023): Found entity 1: BreadBakerFSM File: D:/Universidade_LECI/Ano1_Sem2/Lab_Sistemas_Digitais/Meus_Exercicios/LSD_Project/#Quartus_Prime_Project/Fase 2_v3/Logic_Blocks/BreadBakerFSM.vhd Line: 5
Info (12021): Found 2 design units, including 1 entities, in source file logic_blocks/rom_kxn_1p_v1.vhd
    Info (12022): Found design unit 1: ROM_KxN_1P_V1-Behaviour File: D:/Universidade_LECI/Ano1_Sem2/Lab_Sistemas_Digitais/Meus_Exercicios/LSD_Project/#Quartus_Prime_Project/Fase 2_v3/Logic_Blocks/ROM_KxN_1P_V1.vhd Line: 17
    Info (12023): Found entity 1: ROM_KxN_1P_V1 File: D:/Universidade_LECI/Ano1_Sem2/Lab_Sistemas_Digitais/Meus_Exercicios/LSD_Project/#Quartus_Prime_Project/Fase 2_v3/Logic_Blocks/ROM_KxN_1P_V1.vhd Line: 7
Info (12021): Found 2 design units, including 1 entities, in source file logic_blocks/clkdividern.vhd
    Info (12022): Found design unit 1: ClkDividerN-RTL File: D:/Universidade_LECI/Ano1_Sem2/Lab_Sistemas_Digitais/Meus_Exercicios/LSD_Project/#Quartus_Prime_Project/Fase 2_v3/Logic_Blocks/ClkDividerN.vhd Line: 11
    Info (12023): Found entity 1: ClkDividerN File: D:/Universidade_LECI/Ano1_Sem2/Lab_Sistemas_Digitais/Meus_Exercicios/LSD_Project/#Quartus_Prime_Project/Fase 2_v3/Logic_Blocks/ClkDividerN.vhd Line: 5
Info (12021): Found 1 design units, including 1 entities, in source file breadmaker.bdf
    Info (12023): Found entity 1: BreadMaker
Info (12127): Elaborating entity "BreadMaker" for the top level hierarchy
Warning (275083): Bus "outBCD2[3..0]" found using same base name as "outBCD", which might lead to a name conflict.
Warning (275080): Converted elements in bus name "outBCD" using legacy naming rules. Make any assignments on the new names, not on the original names.
    Warning (275081): Converted element name(s) from "outBCD[3..0]" to "outBCD3..0"
Warning (275080): Converted elements in bus name "outBCD2" using legacy naming rules. Make any assignments on the new names, not on the original names.
    Warning (275081): Converted element name(s) from "outBCD2[3..0]" to "outBCD23..0"
Warning (275083): Bus "outBCD2[3..0]" found using same base name as "outBCD", which might lead to a name conflict.
Warning (275080): Converted elements in bus name "outBCD" using legacy naming rules. Make any assignments on the new names, not on the original names.
    Warning (275081): Converted element name(s) from "outBCD[3..0]" to "outBCD3..0"
Warning (275080): Converted elements in bus name "outBCD2" using legacy naming rules. Make any assignments on the new names, not on the original names.
    Warning (275081): Converted element name(s) from "outBCD2[3..0]" to "outBCD23..0"
Info (12128): Elaborating entity "Bin7SegDecoder" for hierarchy "Bin7SegDecoder:inst30"
Info (12128): Elaborating entity "ROM_KxN_1P_V2" for hierarchy "ROM_KxN_1P_V2:inst28"
Info (12128): Elaborating entity "BreadBakerFSM" for hierarchy "BreadBakerFSM:iaaanst1"
Info (12128): Elaborating entity "ControlSystemUnit_v2" for hierarchy "ControlSystemUnit_v2:inst25"
Info (12128): Elaborating entity "Debouncer" for hierarchy "Debouncer:inst1"
Info (12128): Elaborating entity "TimerN" for hierarchy "TimerN:inst5"
Info (12128): Elaborating entity "PulseGenN" for hierarchy "PulseGenN:inst11"
Info (12128): Elaborating entity "FlipFlopD" for hierarchy "FlipFlopD:inst"
Info (12128): Elaborating entity "TimerAuxFSM" for hierarchy "TimerAuxFSM:inst9"
Info (12128): Elaborating entity "ROM_KxN_1P_V1" for hierarchy "ROM_KxN_1P_V1:inst27"
Info (12128): Elaborating entity "TimeExtra" for hierarchy "TimeExtra:inst4"
Info (12129): Elaborating entity "Counter" using architecture "A:behavioral" for hierarchy "TimeExtra:inst4|Counter:Counter" File: D:/Universidade_LECI/Ano1_Sem2/Lab_Sistemas_Digitais/Meus_Exercicios/LSD_Project/#Quartus_Prime_Project/Fase 2_v3/Logic_Blocks/TimeExtra.vhd Line: 20
Info (12128): Elaborating entity "Mux3_1" for hierarchy "Mux3_1:inst19"
Info (12128): Elaborating entity "BinToBCD" for hierarchy "BinToBCD:inst23"
Info (12128): Elaborating entity "Mux2_1" for hierarchy "Mux2_1:inst18"
Info (12128): Elaborating entity "Debugger_InputsAt50MHZ" for hierarchy "Debugger_InputsAt50MHZ:inst36"
Warning (13024): Output pins are stuck at VCC or GND
    Warning (13410): Pin "HEX0[6]" is stuck at GND
    Warning (13410): Pin "HEX0[4]" is stuck at GND
    Warning (13410): Pin "HEX0[3]" is stuck at VCC
    Warning (13410): Pin "HEX1[6]" is stuck at GND
    Warning (13410): Pin "HEX1[5]" is stuck at VCC
    Warning (13410): Pin "HEX1[4]" is stuck at GND
    Warning (13410): Pin "HEX1[3]" is stuck at GND
    Warning (13410): Pin "HEX1[2]" is stuck at GND
    Warning (13410): Pin "HEX1[1]" is stuck at VCC
    Warning (13410): Pin "HEX1[0]" is stuck at VCC
    Warning (13410): Pin "HEX2[2]" is stuck at VCC
    Warning (13410): Pin "HEX2[1]" is stuck at VCC
    Warning (13410): Pin "HEX2[0]" is stuck at VCC
    Warning (13410): Pin "HEX3[4]" is stuck at VCC
    Warning (13410): Pin "HEX3[1]" is stuck at VCC
    Warning (13410): Pin "LEDG[6]" is stuck at GND
Info (286030): Timing-Driven Synthesis is running
Info (16010): Generating hard_block partition "hard_block:auto_generated_inst"
    Info (16011): Adding 0 node(s), including 0 DDIO, 0 PLL, 0 transceiver and 0 LCELL
Info (21057): Implemented 651 device resources after synthesis - the final resource count might be different
    Info (21058): Implemented 6 input pins
    Info (21059): Implemented 69 output pins
    Info (21061): Implemented 576 logic cells
Info: Quartus Prime Analysis & Synthesis was successful. 0 errors, 28 warnings
    Info: Peak virtual memory: 4855 megabytes
    Info: Processing ended: Fri May 26 17:36:08 2023
    Info: Elapsed time: 00:00:09
    Info: Total CPU time (on all processors): 00:00:11


